Using pre-set license
Built from '2020.3/staging' branch; Version is '2020.3.21f1 (a38c86f6690f) revision 10718342'; Using compiler version '192528614'; Build Type 'Release'
OS: 'Windows 10 Pro; OS build 19042.1288; Version 2009; 64bit' Language: 'ru' Physical Memory: 8149 MB
BatchMode: 1, IsHumanControllingUs: 0, StartBugReporterOnCrash: 0, Is64bit: 1, IsPro: 0

COMMAND LINE ARGUMENTS:
E:\Revina\2020.3.21f1\Editor\Unity.exe
-adb2
-batchMode
-noUpm
-name
AssetImportWorker0
-projectPath
D:/UnityEducation/MobileCar2D/MobileGameCar
-logFile
Logs/AssetImportWorker0.log
-srvPort
56080
Successfully changed project path to: D:/UnityEducation/MobileCar2D/MobileGameCar
D:/UnityEducation/MobileCar2D/MobileGameCar
Using Asset Import Pipeline V2.
Refreshing native plugins compatible for Editor in 67.73 ms, found 3 plugins.
Preloading 0 native plugins for Editor in 0.00 ms.
Initialize engine version: 2020.3.21f1 (a38c86f6690f)
[Subsystems] Discovering subsystems at path E:/Revina/2020.3.21f1/Editor/Data/Resources/UnitySubsystems
[Subsystems] Discovering subsystems at path D:/UnityEducation/MobileCar2D/MobileGameCar/Assets
GfxDevice: creating device client; threaded=0
Direct3D:
    Version:  Direct3D 11.0 [level 11.1]
    Renderer: NVIDIA GeForce GTX 960 (ID=0x1401)
    Vendor:   
    VRAM:     2007 MB
    Driver:   27.21.14.5671
Initialize mono
Mono path[0] = 'E:/Revina/2020.3.21f1/Editor/Data/Managed'
Mono path[1] = 'E:/Revina/2020.3.21f1/Editor/Data/MonoBleedingEdge/lib/mono/unityjit'
Mono config path = 'E:/Revina/2020.3.21f1/Editor/Data/MonoBleedingEdge/etc'
Using monoOptions --debugger-agent=transport=dt_socket,embedding=1,server=y,suspend=n,address=127.0.0.1:56464
Begin MonoManager ReloadAssembly
Registering precompiled unity dll's ...
Register platform support module: E:/Revina/2020.3.21f1/Editor/Data/PlaybackEngines/WebGLSupport/UnityEditor.WebGL.Extensions.dll
Register platform support module: E:/Revina/2020.3.21f1/Editor/Data/PlaybackEngines/WindowsStandaloneSupport/UnityEditor.WindowsStandalone.Extensions.dll
Registered in 0.002112 seconds.
Native extension for WindowsStandalone target not found
Native extension for WebGL target not found
Refreshing native plugins compatible for Editor in 74.68 ms, found 3 plugins.
Preloading 0 native plugins for Editor in 0.00 ms.
Mono: successfully reloaded assembly
- Completed reload, in  1.686 seconds
Domain Reload Profiling:
	ReloadAssembly (1686ms)
		BeginReloadAssembly (82ms)
			ExecutionOrderSort (0ms)
			DisableScriptedObjects (0ms)
			BackupInstance (0ms)
			ReleaseScriptingObjects (0ms)
			CreateAndSetChildDomain (2ms)
		EndReloadAssembly (741ms)
			LoadAssemblies (81ms)
			RebuildTransferFunctionScriptingTraits (0ms)
			SetupTypeCache (227ms)
			ReleaseScriptCaches (0ms)
			RebuildScriptCaches (61ms)
			SetupLoadedEditorAssemblies (307ms)
				LogAssemblyErrors (0ms)
				InitializePlatformSupportModulesInManaged (8ms)
				SetLoadedEditorAssemblies (0ms)
				RefreshPlugins (75ms)
				BeforeProcessingInitializeOnLoad (28ms)
				ProcessInitializeOnLoadAttributes (146ms)
				ProcessInitializeOnLoadMethodAttributes (49ms)
				AfterProcessingInitializeOnLoad (0ms)
				EditorAssembliesLoaded (0ms)
			ExecutionOrderSort2 (0ms)
			AwakeInstancesAfterBackupRestoration (0ms)
Platform modules already initialized, skipping
Registering precompiled user dll's ...
Registered in 0.004954 seconds.
Begin MonoManager ReloadAssembly
Native extension for WindowsStandalone target not found
Native extension for WebGL target not found
Refreshing native plugins compatible for Editor in 82.86 ms, found 3 plugins.
Preloading 0 native plugins for Editor in 0.00 ms.
Mono: successfully reloaded assembly
- Completed reload, in  2.331 seconds
Domain Reload Profiling:
	ReloadAssembly (2332ms)
		BeginReloadAssembly (316ms)
			ExecutionOrderSort (0ms)
			DisableScriptedObjects (8ms)
			BackupInstance (0ms)
			ReleaseScriptingObjects (0ms)
			CreateAndSetChildDomain (27ms)
		EndReloadAssembly (1915ms)
			LoadAssemblies (150ms)
			RebuildTransferFunctionScriptingTraits (0ms)
			SetupTypeCache (496ms)
			ReleaseScriptCaches (1ms)
			RebuildScriptCaches (135ms)
			SetupLoadedEditorAssemblies (865ms)
				LogAssemblyErrors (0ms)
				InitializePlatformSupportModulesInManaged (9ms)
				SetLoadedEditorAssemblies (1ms)
				RefreshPlugins (83ms)
				BeforeProcessingInitializeOnLoad (133ms)
				ProcessInitializeOnLoadAttributes (595ms)
				ProcessInitializeOnLoadMethodAttributes (40ms)
				AfterProcessingInitializeOnLoad (5ms)
				EditorAssembliesLoaded (0ms)
			ExecutionOrderSort2 (0ms)
			AwakeInstancesAfterBackupRestoration (15ms)
Platform modules already initialized, skipping
========================================================================
Worker process is ready to serve import requests
Launched and connected shader compiler UnityShaderCompiler.exe after 0.20 seconds
Refreshing native plugins compatible for Editor in 0.76 ms, found 3 plugins.
Preloading 0 native plugins for Editor in 0.00 ms.
Unloading 2182 Unused Serialized files (Serialized files now loaded: 0)
System memory in use before: 95.4 MB.
System memory in use after: 95.5 MB.

Unloading 28 unused Assets to reduce memory usage. Loaded Objects now: 2615.
Total: 6.173800 ms (FindLiveObjects: 0.372300 ms CreateObjectMapping: 0.262400 ms MarkObjects: 5.401300 ms  DeleteObjects: 0.135200 ms)

AssetImportParameters requested are different than current active one (requested -> active):
  custom:framework-win-MediaFoundation: 216162199b28c13a410421893ffa2e32 -> 
  custom:video-decoder-ogg-theora: a1e56fd34408186e4bbccfd4996cb3dc -> 
  custom:container-muxer-webm: aa71ff27fc2769a1b78a27578f13a17b -> 
  custom:container-demuxer-webm: 4f35f7cbe854078d1ac9338744f61a02 -> 
  custom:container-demuxer-ogg: 62fdf1f143b41e24485cea50d1cbac27 -> 
  custom:video-encoder-webm-vp8: eb34c28f22e8b96e1ab97ce403110664 -> 
  custom:video-decoder-webm-vp8: 9c59270c3fd7afecdb556c50c9e8de78 -> 
  custom:audio-decoder-ogg-vorbis: bf7c407c2cedff20999df2af8eb42d56 -> 
  custom:audio-encoder-webm-vorbis: bf7c407c2cedff20999df2af8eb42d56 -> 
========================================================================
Received Import Request.
  path: Assets/Code
  artifactKey: Guid(e9754e5fd6a702540b35d0af5b235c99) Importer(815301076,1909f56bfc062723c751e8b465ee728b)
Start importing Assets/Code using Guid(e9754e5fd6a702540b35d0af5b235c99) Importer(815301076,1909f56bfc062723c751e8b465ee728b)  -> (artifact id: '357610122f41032d1f31dbf1d359f3a9') in 0.041681 seconds 
  Import took 0.049344 seconds .

========================================================================
Received Import Request.
  Time since last request: 15.061806 seconds.
  path: Assets/Code/EntryPoint.cs
  artifactKey: Guid(c8dcf4d33ea230d4f9a989eeda85dfc2) Importer(815301076,1909f56bfc062723c751e8b465ee728b)
Start importing Assets/Code/EntryPoint.cs using Guid(c8dcf4d33ea230d4f9a989eeda85dfc2) Importer(815301076,1909f56bfc062723c751e8b465ee728b)  -> (artifact id: 'f6e210859bca28225eee74d34195a655') in 0.086393 seconds 
  Import took 0.109893 seconds .

========================================================================
Received Prepare
Registering precompiled user dll's ...
Registered in 0.005705 seconds.
Begin MonoManager ReloadAssembly
Native extension for WindowsStandalone target not found
Native extension for WebGL target not found
Refreshing native plugins compatible for Editor in 0.76 ms, found 3 plugins.
Preloading 0 native plugins for Editor in 0.00 ms.
Mono: successfully reloaded assembly
- Completed reload, in  1.786 seconds
Domain Reload Profiling:
	ReloadAssembly (1787ms)
		BeginReloadAssembly (215ms)
			ExecutionOrderSort (0ms)
			DisableScriptedObjects (14ms)
			BackupInstance (0ms)
			ReleaseScriptingObjects (0ms)
			CreateAndSetChildDomain (70ms)
		EndReloadAssembly (1459ms)
			LoadAssemblies (152ms)
			RebuildTransferFunctionScriptingTraits (0ms)
			SetupTypeCache (487ms)
			ReleaseScriptCaches (1ms)
			RebuildScriptCaches (103ms)
			SetupLoadedEditorAssemblies (539ms)
				LogAssemblyErrors (0ms)
				InitializePlatformSupportModulesInManaged (9ms)
				SetLoadedEditorAssemblies (1ms)
				RefreshPlugins (1ms)
				BeforeProcessingInitializeOnLoad (136ms)
				ProcessInitializeOnLoadAttributes (357ms)
				ProcessInitializeOnLoadMethodAttributes (29ms)
				AfterProcessingInitializeOnLoad (6ms)
				EditorAssembliesLoaded (0ms)
			ExecutionOrderSort2 (0ms)
			AwakeInstancesAfterBackupRestoration (18ms)
Platform modules already initialized, skipping
Refreshing native plugins compatible for Editor in 1.16 ms, found 3 plugins.
Preloading 0 native plugins for Editor in 0.00 ms.
Unloading 2172 Unused Serialized files (Serialized files now loaded: 0)
System memory in use before: 94.8 MB.
System memory in use after: 94.9 MB.

Unloading 17 unused Assets to reduce memory usage. Loaded Objects now: 2618.
Total: 4.348400 ms (FindLiveObjects: 0.238000 ms CreateObjectMapping: 0.126500 ms MarkObjects: 3.952400 ms  DeleteObjects: 0.029900 ms)

AssetImportParameters requested are different than current active one (requested -> active):
  custom:framework-win-MediaFoundation: 216162199b28c13a410421893ffa2e32 -> 
  custom:video-decoder-ogg-theora: a1e56fd34408186e4bbccfd4996cb3dc -> 
  custom:container-muxer-webm: aa71ff27fc2769a1b78a27578f13a17b -> 
  custom:container-demuxer-webm: 4f35f7cbe854078d1ac9338744f61a02 -> 
  custom:container-demuxer-ogg: 62fdf1f143b41e24485cea50d1cbac27 -> 
  custom:video-encoder-webm-vp8: eb34c28f22e8b96e1ab97ce403110664 -> 
  custom:video-decoder-webm-vp8: 9c59270c3fd7afecdb556c50c9e8de78 -> 
  custom:audio-decoder-ogg-vorbis: bf7c407c2cedff20999df2af8eb42d56 -> 
  custom:audio-encoder-webm-vorbis: bf7c407c2cedff20999df2af8eb42d56 -> 
========================================================================
Received Import Request.
  Time since last request: 67.879375 seconds.
  path: Assets
  artifactKey: Guid(00000000000000001000000000000000) Importer(815301076,1909f56bfc062723c751e8b465ee728b)
Start importing Assets using Guid(00000000000000001000000000000000) Importer(815301076,1909f56bfc062723c751e8b465ee728b)  -> (artifact id: '42d402b061de3733987d63b9cc3b64de') in 0.015654 seconds 
  Import took 0.024698 seconds .

========================================================================
Received Import Request.
  Time since last request: 5.120249 seconds.
  path: Assets/_Root
  artifactKey: Guid(1affcca8e9432fe42aa8d9922816471e) Importer(815301076,1909f56bfc062723c751e8b465ee728b)
Start importing Assets/_Root using Guid(1affcca8e9432fe42aa8d9922816471e) Importer(815301076,1909f56bfc062723c751e8b465ee728b)  -> (artifact id: '94fd2d95a2fd2977da92ab4b64d5861e') in 0.015594 seconds 
  Import took 0.030515 seconds .

========================================================================
Received Prepare
Registering precompiled user dll's ...
Registered in 0.009659 seconds.
Begin MonoManager ReloadAssembly
Native extension for WindowsStandalone target not found
Native extension for WebGL target not found
Refreshing native plugins compatible for Editor in 0.70 ms, found 3 plugins.
Preloading 0 native plugins for Editor in 0.00 ms.
Mono: successfully reloaded assembly
- Completed reload, in  2.415 seconds
Domain Reload Profiling:
	ReloadAssembly (2416ms)
		BeginReloadAssembly (313ms)
			ExecutionOrderSort (0ms)
			DisableScriptedObjects (13ms)
			BackupInstance (0ms)
			ReleaseScriptingObjects (0ms)
			CreateAndSetChildDomain (69ms)
		EndReloadAssembly (1968ms)
			LoadAssemblies (269ms)
			RebuildTransferFunctionScriptingTraits (0ms)
			SetupTypeCache (531ms)
			ReleaseScriptCaches (1ms)
			RebuildScriptCaches (97ms)
			SetupLoadedEditorAssemblies (978ms)
				LogAssemblyErrors (0ms)
				InitializePlatformSupportModulesInManaged (11ms)
				SetLoadedEditorAssemblies (1ms)
				RefreshPlugins (1ms)
				BeforeProcessingInitializeOnLoad (156ms)
				ProcessInitializeOnLoadAttributes (752ms)
				ProcessInitializeOnLoadMethodAttributes (52ms)
				AfterProcessingInitializeOnLoad (6ms)
				EditorAssembliesLoaded (0ms)
			ExecutionOrderSort2 (0ms)
			AwakeInstancesAfterBackupRestoration (28ms)
Platform modules already initialized, skipping
Refreshing native plugins compatible for Editor in 0.68 ms, found 3 plugins.
Preloading 0 native plugins for Editor in 0.00 ms.
Unloading 2172 Unused Serialized files (Serialized files now loaded: 0)
System memory in use before: 94.8 MB.
System memory in use after: 95.0 MB.

Unloading 17 unused Assets to reduce memory usage. Loaded Objects now: 2620.
Total: 4.795800 ms (FindLiveObjects: 0.310100 ms CreateObjectMapping: 0.202900 ms MarkObjects: 4.246300 ms  DeleteObjects: 0.034500 ms)

AssetImportParameters requested are different than current active one (requested -> active):
  custom:framework-win-MediaFoundation: 216162199b28c13a410421893ffa2e32 -> 
  custom:video-decoder-ogg-theora: a1e56fd34408186e4bbccfd4996cb3dc -> 
  custom:container-muxer-webm: aa71ff27fc2769a1b78a27578f13a17b -> 
  custom:container-demuxer-webm: 4f35f7cbe854078d1ac9338744f61a02 -> 
  custom:container-demuxer-ogg: 62fdf1f143b41e24485cea50d1cbac27 -> 
  custom:video-encoder-webm-vp8: eb34c28f22e8b96e1ab97ce403110664 -> 
  custom:video-decoder-webm-vp8: 9c59270c3fd7afecdb556c50c9e8de78 -> 
  custom:audio-decoder-ogg-vorbis: bf7c407c2cedff20999df2af8eb42d56 -> 
  custom:audio-encoder-webm-vorbis: bf7c407c2cedff20999df2af8eb42d56 -> 
========================================================================
Received Import Request.
  Time since last request: 224.624707 seconds.
  path: Assets/_Root/Code/EntryPoint.cs
  artifactKey: Guid(c8dcf4d33ea230d4f9a989eeda85dfc2) Importer(815301076,1909f56bfc062723c751e8b465ee728b)
Start importing Assets/_Root/Code/EntryPoint.cs using Guid(c8dcf4d33ea230d4f9a989eeda85dfc2) Importer(815301076,1909f56bfc062723c751e8b465ee728b)  -> (artifact id: 'f2c59d630b065ab816540e0ebb0469d6') in 0.015232 seconds 
  Import took 0.040955 seconds .

========================================================================
Received Prepare
Registering precompiled user dll's ...
Registered in 0.044512 seconds.
Begin MonoManager ReloadAssembly
Native extension for WindowsStandalone target not found
Native extension for WebGL target not found
Refreshing native plugins compatible for Editor in 1.12 ms, found 3 plugins.
Preloading 0 native plugins for Editor in 0.00 ms.
Mono: successfully reloaded assembly
- Completed reload, in  2.415 seconds
Domain Reload Profiling:
	ReloadAssembly (2416ms)
		BeginReloadAssembly (176ms)
			ExecutionOrderSort (0ms)
			DisableScriptedObjects (13ms)
			BackupInstance (0ms)
			ReleaseScriptingObjects (0ms)
			CreateAndSetChildDomain (54ms)
		EndReloadAssembly (2120ms)
			LoadAssemblies (162ms)
			RebuildTransferFunctionScriptingTraits (0ms)
			SetupTypeCache (597ms)
			ReleaseScriptCaches (1ms)
			RebuildScriptCaches (105ms)
			SetupLoadedEditorAssemblies (926ms)
				LogAssemblyErrors (0ms)
				InitializePlatformSupportModulesInManaged (16ms)
				SetLoadedEditorAssemblies (1ms)
				RefreshPlugins (1ms)
				BeforeProcessingInitializeOnLoad (328ms)
				ProcessInitializeOnLoadAttributes (554ms)
				ProcessInitializeOnLoadMethodAttributes (20ms)
				AfterProcessingInitializeOnLoad (5ms)
				EditorAssembliesLoaded (0ms)
			ExecutionOrderSort2 (0ms)
			AwakeInstancesAfterBackupRestoration (18ms)
Platform modules already initialized, skipping
Refreshing native plugins compatible for Editor in 1.46 ms, found 3 plugins.
Preloading 0 native plugins for Editor in 0.00 ms.
Unloading 2172 Unused Serialized files (Serialized files now loaded: 0)
System memory in use before: 94.9 MB.
System memory in use after: 95.0 MB.

Unloading 17 unused Assets to reduce memory usage. Loaded Objects now: 2622.
Total: 5.704000 ms (FindLiveObjects: 0.332400 ms CreateObjectMapping: 0.223100 ms MarkObjects: 5.107300 ms  DeleteObjects: 0.039100 ms)

AssetImportParameters requested are different than current active one (requested -> active):
  custom:framework-win-MediaFoundation: 216162199b28c13a410421893ffa2e32 -> 
  custom:video-decoder-ogg-theora: a1e56fd34408186e4bbccfd4996cb3dc -> 
  custom:container-muxer-webm: aa71ff27fc2769a1b78a27578f13a17b -> 
  custom:container-demuxer-webm: 4f35f7cbe854078d1ac9338744f61a02 -> 
  custom:container-demuxer-ogg: 62fdf1f143b41e24485cea50d1cbac27 -> 
  custom:video-encoder-webm-vp8: eb34c28f22e8b96e1ab97ce403110664 -> 
  custom:video-decoder-webm-vp8: 9c59270c3fd7afecdb556c50c9e8de78 -> 
  custom:audio-decoder-ogg-vorbis: bf7c407c2cedff20999df2af8eb42d56 -> 
  custom:audio-encoder-webm-vorbis: bf7c407c2cedff20999df2af8eb42d56 -> 
========================================================================
Received Import Request.
  Time since last request: 81.814056 seconds.
  path: Assets/_Root/Code/Profile
  artifactKey: Guid(9000fac727db6414f8df1ee66f4b646d) Importer(815301076,1909f56bfc062723c751e8b465ee728b)
Start importing Assets/_Root/Code/Profile using Guid(9000fac727db6414f8df1ee66f4b646d) Importer(815301076,1909f56bfc062723c751e8b465ee728b)  -> (artifact id: 'fd49381aaba846d4b5de641ff420752e') in 0.034819 seconds 
  Import took 0.069812 seconds .

========================================================================
Received Import Request.
  Time since last request: 30.634904 seconds.
  path: Assets/_Root/Code/Profile/ProfilePlayer.cs
  artifactKey: Guid(3ac6fb990bfde5943a4801528015a1f4) Importer(815301076,1909f56bfc062723c751e8b465ee728b)
Start importing Assets/_Root/Code/Profile/ProfilePlayer.cs using Guid(3ac6fb990bfde5943a4801528015a1f4) Importer(815301076,1909f56bfc062723c751e8b465ee728b)  -> (artifact id: 'c408335d8e1a495dd0156efddb738b30') in 0.045170 seconds 
  Import took 0.055145 seconds .

========================================================================
Received Prepare
Registering precompiled user dll's ...
Registered in 0.007300 seconds.
Begin MonoManager ReloadAssembly
Native extension for WindowsStandalone target not found
Native extension for WebGL target not found
Refreshing native plugins compatible for Editor in 1.09 ms, found 3 plugins.
Preloading 0 native plugins for Editor in 0.00 ms.
Mono: successfully reloaded assembly
- Completed reload, in  3.066 seconds
Domain Reload Profiling:
	ReloadAssembly (3067ms)
		BeginReloadAssembly (246ms)
			ExecutionOrderSort (0ms)
			DisableScriptedObjects (18ms)
			BackupInstance (0ms)
			ReleaseScriptingObjects (0ms)
			CreateAndSetChildDomain (72ms)
		EndReloadAssembly (2684ms)
			LoadAssemblies (277ms)
			RebuildTransferFunctionScriptingTraits (0ms)
			SetupTypeCache (834ms)
			ReleaseScriptCaches (1ms)
			RebuildScriptCaches (129ms)
			SetupLoadedEditorAssemblies (1037ms)
				LogAssemblyErrors (0ms)
				InitializePlatformSupportModulesInManaged (32ms)
				SetLoadedEditorAssemblies (2ms)
				RefreshPlugins (1ms)
				BeforeProcessingInitializeOnLoad (242ms)
				ProcessInitializeOnLoadAttributes (710ms)
				ProcessInitializeOnLoadMethodAttributes (40ms)
				AfterProcessingInitializeOnLoad (10ms)
				EditorAssembliesLoaded (0ms)
			ExecutionOrderSort2 (0ms)
			AwakeInstancesAfterBackupRestoration (38ms)
Platform modules already initialized, skipping
Refreshing native plugins compatible for Editor in 0.75 ms, found 3 plugins.
Preloading 0 native plugins for Editor in 0.00 ms.
Unloading 2173 Unused Serialized files (Serialized files now loaded: 0)
System memory in use before: 94.9 MB.
System memory in use after: 95.0 MB.

Unloading 17 unused Assets to reduce memory usage. Loaded Objects now: 2625.
Total: 11.393000 ms (FindLiveObjects: 3.503900 ms CreateObjectMapping: 0.611000 ms MarkObjects: 7.228900 ms  DeleteObjects: 0.046300 ms)

AssetImportParameters requested are different than current active one (requested -> active):
  custom:framework-win-MediaFoundation: 216162199b28c13a410421893ffa2e32 -> 
  custom:video-decoder-ogg-theora: a1e56fd34408186e4bbccfd4996cb3dc -> 
  custom:container-muxer-webm: aa71ff27fc2769a1b78a27578f13a17b -> 
  custom:container-demuxer-webm: 4f35f7cbe854078d1ac9338744f61a02 -> 
  custom:container-demuxer-ogg: 62fdf1f143b41e24485cea50d1cbac27 -> 
  custom:video-encoder-webm-vp8: eb34c28f22e8b96e1ab97ce403110664 -> 
  custom:video-decoder-webm-vp8: 9c59270c3fd7afecdb556c50c9e8de78 -> 
  custom:audio-decoder-ogg-vorbis: bf7c407c2cedff20999df2af8eb42d56 -> 
  custom:audio-encoder-webm-vorbis: bf7c407c2cedff20999df2af8eb42d56 -> 
========================================================================
Received Import Request.
  Time since last request: 182.983206 seconds.
  path: Assets/_Root/Code/Profile/GameState.cs
  artifactKey: Guid(3cf683ba2dae5bf4b80ab2f9a010bf74) Importer(815301076,1909f56bfc062723c751e8b465ee728b)
Start importing Assets/_Root/Code/Profile/GameState.cs using Guid(3cf683ba2dae5bf4b80ab2f9a010bf74) Importer(815301076,1909f56bfc062723c751e8b465ee728b)  -> (artifact id: 'ae00093fc5c49f421727492fc2b2781f') in 0.017657 seconds 
  Import took 0.036057 seconds .

========================================================================
Received Prepare
Registering precompiled user dll's ...
Registered in 0.012668 seconds.
Begin MonoManager ReloadAssembly
Native extension for WindowsStandalone target not found
Native extension for WebGL target not found
Refreshing native plugins compatible for Editor in 1.27 ms, found 3 plugins.
Preloading 0 native plugins for Editor in 0.00 ms.
Mono: successfully reloaded assembly
- Completed reload, in  6.715 seconds
Domain Reload Profiling:
	ReloadAssembly (6716ms)
		BeginReloadAssembly (238ms)
			ExecutionOrderSort (0ms)
			DisableScriptedObjects (14ms)
			BackupInstance (0ms)
			ReleaseScriptingObjects (0ms)
			CreateAndSetChildDomain (67ms)
		EndReloadAssembly (6080ms)
			LoadAssemblies (335ms)
			RebuildTransferFunctionScriptingTraits (0ms)
			SetupTypeCache (1326ms)
			ReleaseScriptCaches (2ms)
			RebuildScriptCaches (288ms)
			SetupLoadedEditorAssemblies (3379ms)
				LogAssemblyErrors (0ms)
				InitializePlatformSupportModulesInManaged (17ms)
				SetLoadedEditorAssemblies (1ms)
				RefreshPlugins (1ms)
				BeforeProcessingInitializeOnLoad (845ms)
				ProcessInitializeOnLoadAttributes (2236ms)
				ProcessInitializeOnLoadMethodAttributes (121ms)
				AfterProcessingInitializeOnLoad (157ms)
				EditorAssembliesLoaded (1ms)
			ExecutionOrderSort2 (0ms)
			AwakeInstancesAfterBackupRestoration (63ms)
Platform modules already initialized, skipping
Refreshing native plugins compatible for Editor in 0.85 ms, found 3 plugins.
Preloading 0 native plugins for Editor in 0.00 ms.
Unloading 2174 Unused Serialized files (Serialized files now loaded: 0)
System memory in use before: 95.0 MB.
System memory in use after: 95.1 MB.

Unloading 17 unused Assets to reduce memory usage. Loaded Objects now: 2628.
Total: 6.153200 ms (FindLiveObjects: 0.298500 ms CreateObjectMapping: 0.155100 ms MarkObjects: 5.645200 ms  DeleteObjects: 0.051600 ms)

AssetImportParameters requested are different than current active one (requested -> active):
  custom:framework-win-MediaFoundation: 216162199b28c13a410421893ffa2e32 -> 
  custom:video-decoder-ogg-theora: a1e56fd34408186e4bbccfd4996cb3dc -> 
  custom:container-muxer-webm: aa71ff27fc2769a1b78a27578f13a17b -> 
  custom:container-demuxer-webm: 4f35f7cbe854078d1ac9338744f61a02 -> 
  custom:container-demuxer-ogg: 62fdf1f143b41e24485cea50d1cbac27 -> 
  custom:video-encoder-webm-vp8: eb34c28f22e8b96e1ab97ce403110664 -> 
  custom:video-decoder-webm-vp8: 9c59270c3fd7afecdb556c50c9e8de78 -> 
  custom:audio-decoder-ogg-vorbis: bf7c407c2cedff20999df2af8eb42d56 -> 
  custom:audio-encoder-webm-vorbis: bf7c407c2cedff20999df2af8eb42d56 -> 
========================================================================
Received Prepare
Registering precompiled user dll's ...
Registered in 0.101815 seconds.
Begin MonoManager ReloadAssembly
Native extension for WindowsStandalone target not found
Native extension for WebGL target not found
Refreshing native plugins compatible for Editor in 0.89 ms, found 3 plugins.
Preloading 0 native plugins for Editor in 0.00 ms.
Mono: successfully reloaded assembly
- Completed reload, in  2.408 seconds
Domain Reload Profiling:
	ReloadAssembly (2409ms)
		BeginReloadAssembly (194ms)
			ExecutionOrderSort (0ms)
			DisableScriptedObjects (15ms)
			BackupInstance (0ms)
			ReleaseScriptingObjects (0ms)
			CreateAndSetChildDomain (60ms)
		EndReloadAssembly (2093ms)
			LoadAssemblies (179ms)
			RebuildTransferFunctionScriptingTraits (0ms)
			SetupTypeCache (672ms)
			ReleaseScriptCaches (2ms)
			RebuildScriptCaches (138ms)
			SetupLoadedEditorAssemblies (849ms)
				LogAssemblyErrors (0ms)
				InitializePlatformSupportModulesInManaged (18ms)
				SetLoadedEditorAssemblies (1ms)
				RefreshPlugins (1ms)
				BeforeProcessingInitializeOnLoad (220ms)
				ProcessInitializeOnLoadAttributes (576ms)
				ProcessInitializeOnLoadMethodAttributes (27ms)
				AfterProcessingInitializeOnLoad (5ms)
				EditorAssembliesLoaded (0ms)
			ExecutionOrderSort2 (0ms)
			AwakeInstancesAfterBackupRestoration (26ms)
Platform modules already initialized, skipping
Refreshing native plugins compatible for Editor in 0.62 ms, found 3 plugins.
Preloading 0 native plugins for Editor in 0.00 ms.
Unloading 2174 Unused Serialized files (Serialized files now loaded: 0)
System memory in use before: 95.0 MB.
System memory in use after: 95.1 MB.

Unloading 17 unused Assets to reduce memory usage. Loaded Objects now: 2630.
Total: 5.937000 ms (FindLiveObjects: 0.436900 ms CreateObjectMapping: 0.318200 ms MarkObjects: 5.096600 ms  DeleteObjects: 0.082900 ms)

AssetImportParameters requested are different than current active one (requested -> active):
  custom:framework-win-MediaFoundation: 216162199b28c13a410421893ffa2e32 -> 
  custom:video-decoder-ogg-theora: a1e56fd34408186e4bbccfd4996cb3dc -> 
  custom:container-muxer-webm: aa71ff27fc2769a1b78a27578f13a17b -> 
  custom:container-demuxer-webm: 4f35f7cbe854078d1ac9338744f61a02 -> 
  custom:container-demuxer-ogg: 62fdf1f143b41e24485cea50d1cbac27 -> 
  custom:video-encoder-webm-vp8: eb34c28f22e8b96e1ab97ce403110664 -> 
  custom:video-decoder-webm-vp8: 9c59270c3fd7afecdb556c50c9e8de78 -> 
  custom:audio-decoder-ogg-vorbis: bf7c407c2cedff20999df2af8eb42d56 -> 
  custom:audio-encoder-webm-vorbis: bf7c407c2cedff20999df2af8eb42d56 -> 
========================================================================
Received Import Request.
  Time since last request: 481.733577 seconds.
  path: Assets/_Root/Code/Car
  artifactKey: Guid(210bd6a61adae9545a2874448907438a) Importer(815301076,1909f56bfc062723c751e8b465ee728b)
Start importing Assets/_Root/Code/Car using Guid(210bd6a61adae9545a2874448907438a) Importer(815301076,1909f56bfc062723c751e8b465ee728b)  -> (artifact id: '42049879e0f718c609f2ca6f9843e5cf') in 0.063911 seconds 
  Import took 0.071587 seconds .

========================================================================
Received Import Request.
  Time since last request: 7.571201 seconds.
  path: Assets/_Root/Code/Car/CarModel.cs
  artifactKey: Guid(7ac7cc6bb1fbc3e4dbda3b21c972a319) Importer(815301076,1909f56bfc062723c751e8b465ee728b)
Start importing Assets/_Root/Code/Car/CarModel.cs using Guid(7ac7cc6bb1fbc3e4dbda3b21c972a319) Importer(815301076,1909f56bfc062723c751e8b465ee728b)  -> (artifact id: 'b920bade08d9b124402ee883e34c7337') in 0.022969 seconds 
  Import took 0.043900 seconds .

========================================================================
Received Prepare
Registering precompiled user dll's ...
Registered in 0.008133 seconds.
Begin MonoManager ReloadAssembly
Native extension for WindowsStandalone target not found
Native extension for WebGL target not found
Refreshing native plugins compatible for Editor in 2.54 ms, found 3 plugins.
Preloading 0 native plugins for Editor in 0.00 ms.
Mono: successfully reloaded assembly
- Completed reload, in  2.389 seconds
Domain Reload Profiling:
	ReloadAssembly (2390ms)
		BeginReloadAssembly (235ms)
			ExecutionOrderSort (0ms)
			DisableScriptedObjects (20ms)
			BackupInstance (0ms)
			ReleaseScriptingObjects (0ms)
			CreateAndSetChildDomain (67ms)
		EndReloadAssembly (2027ms)
			LoadAssemblies (171ms)
			RebuildTransferFunctionScriptingTraits (0ms)
			SetupTypeCache (676ms)
			ReleaseScriptCaches (2ms)
			RebuildScriptCaches (137ms)
			SetupLoadedEditorAssemblies (749ms)
				LogAssemblyErrors (0ms)
				InitializePlatformSupportModulesInManaged (19ms)
				SetLoadedEditorAssemblies (3ms)
				RefreshPlugins (3ms)
				BeforeProcessingInitializeOnLoad (201ms)
				ProcessInitializeOnLoadAttributes (494ms)
				ProcessInitializeOnLoadMethodAttributes (24ms)
				AfterProcessingInitializeOnLoad (5ms)
				EditorAssembliesLoaded (0ms)
			ExecutionOrderSort2 (0ms)
			AwakeInstancesAfterBackupRestoration (19ms)
Platform modules already initialized, skipping
Refreshing native plugins compatible for Editor in 0.76 ms, found 3 plugins.
Preloading 0 native plugins for Editor in 0.00 ms.
Unloading 2175 Unused Serialized files (Serialized files now loaded: 0)
System memory in use before: 95.0 MB.
System memory in use after: 95.1 MB.

Unloading 17 unused Assets to reduce memory usage. Loaded Objects now: 2633.
Total: 4.850600 ms (FindLiveObjects: 0.246300 ms CreateObjectMapping: 0.126500 ms MarkObjects: 4.439000 ms  DeleteObjects: 0.036500 ms)

AssetImportParameters requested are different than current active one (requested -> active):
  custom:framework-win-MediaFoundation: 216162199b28c13a410421893ffa2e32 -> 
  custom:video-decoder-ogg-theora: a1e56fd34408186e4bbccfd4996cb3dc -> 
  custom:container-muxer-webm: aa71ff27fc2769a1b78a27578f13a17b -> 
  custom:container-demuxer-webm: 4f35f7cbe854078d1ac9338744f61a02 -> 
  custom:container-demuxer-ogg: 62fdf1f143b41e24485cea50d1cbac27 -> 
  custom:video-encoder-webm-vp8: eb34c28f22e8b96e1ab97ce403110664 -> 
  custom:video-decoder-webm-vp8: 9c59270c3fd7afecdb556c50c9e8de78 -> 
  custom:audio-decoder-ogg-vorbis: bf7c407c2cedff20999df2af8eb42d56 -> 
  custom:audio-encoder-webm-vorbis: bf7c407c2cedff20999df2af8eb42d56 -> 
========================================================================
Received Import Request.
  Time since last request: 69.044806 seconds.
  path: Assets/_Root/Code/Car/CarModel.cs
  artifactKey: Guid(7ac7cc6bb1fbc3e4dbda3b21c972a319) Importer(815301076,1909f56bfc062723c751e8b465ee728b)
Start importing Assets/_Root/Code/Car/CarModel.cs using Guid(7ac7cc6bb1fbc3e4dbda3b21c972a319) Importer(815301076,1909f56bfc062723c751e8b465ee728b)  -> (artifact id: 'bb8d48b9ea0215407b09c6eca4499b36') in 0.204679 seconds 
  Import took 0.226688 seconds .

========================================================================
Received Prepare
Registering precompiled user dll's ...
Registered in 0.018323 seconds.
Begin MonoManager ReloadAssembly
Native extension for WindowsStandalone target not found
Native extension for WebGL target not found
Refreshing native plugins compatible for Editor in 0.72 ms, found 3 plugins.
Preloading 0 native plugins for Editor in 0.00 ms.
Mono: successfully reloaded assembly
- Completed reload, in  2.689 seconds
Domain Reload Profiling:
	ReloadAssembly (2689ms)
		BeginReloadAssembly (228ms)
			ExecutionOrderSort (0ms)
			DisableScriptedObjects (16ms)
			BackupInstance (0ms)
			ReleaseScriptingObjects (0ms)
			CreateAndSetChildDomain (73ms)
		EndReloadAssembly (2324ms)
			LoadAssemblies (194ms)
			RebuildTransferFunctionScriptingTraits (0ms)
			SetupTypeCache (764ms)
			ReleaseScriptCaches (1ms)
			RebuildScriptCaches (115ms)
			SetupLoadedEditorAssemblies (947ms)
				LogAssemblyErrors (0ms)
				InitializePlatformSupportModulesInManaged (13ms)
				SetLoadedEditorAssemblies (1ms)
				RefreshPlugins (1ms)
				BeforeProcessingInitializeOnLoad (336ms)
				ProcessInitializeOnLoadAttributes (564ms)
				ProcessInitializeOnLoadMethodAttributes (25ms)
				AfterProcessingInitializeOnLoad (7ms)
				EditorAssembliesLoaded (0ms)
			ExecutionOrderSort2 (0ms)
			AwakeInstancesAfterBackupRestoration (23ms)
Platform modules already initialized, skipping
Refreshing native plugins compatible for Editor in 0.84 ms, found 3 plugins.
Preloading 0 native plugins for Editor in 0.00 ms.
Unloading 2175 Unused Serialized files (Serialized files now loaded: 0)
System memory in use before: 95.0 MB.
System memory in use after: 95.1 MB.

Unloading 17 unused Assets to reduce memory usage. Loaded Objects now: 2635.
Total: 5.186600 ms (FindLiveObjects: 0.362000 ms CreateObjectMapping: 0.246800 ms MarkObjects: 4.544900 ms  DeleteObjects: 0.031200 ms)

AssetImportParameters requested are different than current active one (requested -> active):
  custom:framework-win-MediaFoundation: 216162199b28c13a410421893ffa2e32 -> 
  custom:video-decoder-ogg-theora: a1e56fd34408186e4bbccfd4996cb3dc -> 
  custom:container-muxer-webm: aa71ff27fc2769a1b78a27578f13a17b -> 
  custom:container-demuxer-webm: 4f35f7cbe854078d1ac9338744f61a02 -> 
  custom:container-demuxer-ogg: 62fdf1f143b41e24485cea50d1cbac27 -> 
  custom:video-encoder-webm-vp8: eb34c28f22e8b96e1ab97ce403110664 -> 
  custom:video-decoder-webm-vp8: 9c59270c3fd7afecdb556c50c9e8de78 -> 
  custom:audio-decoder-ogg-vorbis: bf7c407c2cedff20999df2af8eb42d56 -> 
  custom:audio-encoder-webm-vorbis: bf7c407c2cedff20999df2af8eb42d56 -> 
========================================================================
Received Import Request.
  Time since last request: 38.157435 seconds.
  path: Assets/_Root/Code/Car/CarView.cs
  artifactKey: Guid(5db13cde1d9d42d48979098dd52a71de) Importer(815301076,1909f56bfc062723c751e8b465ee728b)
Start importing Assets/_Root/Code/Car/CarView.cs using Guid(5db13cde1d9d42d48979098dd52a71de) Importer(815301076,1909f56bfc062723c751e8b465ee728b)  -> (artifact id: 'dd1558306b460b30c9be20850582d765') in 0.335802 seconds 
  Import took 0.360653 seconds .

========================================================================
Received Prepare
Registering precompiled user dll's ...
Registered in 0.018209 seconds.
Begin MonoManager ReloadAssembly
Native extension for WindowsStandalone target not found
Native extension for WebGL target not found
Refreshing native plugins compatible for Editor in 1.01 ms, found 3 plugins.
Preloading 0 native plugins for Editor in 0.00 ms.
Mono: successfully reloaded assembly
- Completed reload, in  3.702 seconds
Domain Reload Profiling:
	ReloadAssembly (3703ms)
		BeginReloadAssembly (307ms)
			ExecutionOrderSort (0ms)
			DisableScriptedObjects (19ms)
			BackupInstance (0ms)
			ReleaseScriptingObjects (0ms)
			CreateAndSetChildDomain (91ms)
		EndReloadAssembly (3237ms)
			LoadAssemblies (260ms)
			RebuildTransferFunctionScriptingTraits (0ms)
			SetupTypeCache (1397ms)
			ReleaseScriptCaches (2ms)
			RebuildScriptCaches (245ms)
			SetupLoadedEditorAssemblies (1046ms)
				LogAssemblyErrors (0ms)
				InitializePlatformSupportModulesInManaged (16ms)
				SetLoadedEditorAssemblies (2ms)
				RefreshPlugins (1ms)
				BeforeProcessingInitializeOnLoad (387ms)
				ProcessInitializeOnLoadAttributes (610ms)
				ProcessInitializeOnLoadMethodAttributes (25ms)
				AfterProcessingInitializeOnLoad (5ms)
				EditorAssembliesLoaded (0ms)
			ExecutionOrderSort2 (0ms)
			AwakeInstancesAfterBackupRestoration (30ms)
Platform modules already initialized, skipping
Refreshing native plugins compatible for Editor in 2.24 ms, found 3 plugins.
Preloading 0 native plugins for Editor in 0.00 ms.
Unloading 2176 Unused Serialized files (Serialized files now loaded: 0)
System memory in use before: 95.0 MB.
System memory in use after: 95.2 MB.

Unloading 17 unused Assets to reduce memory usage. Loaded Objects now: 2638.
Total: 13.908300 ms (FindLiveObjects: 0.566300 ms CreateObjectMapping: 1.085400 ms MarkObjects: 12.181200 ms  DeleteObjects: 0.072500 ms)

AssetImportParameters requested are different than current active one (requested -> active):
  custom:framework-win-MediaFoundation: 216162199b28c13a410421893ffa2e32 -> 
  custom:video-decoder-ogg-theora: a1e56fd34408186e4bbccfd4996cb3dc -> 
  custom:container-muxer-webm: aa71ff27fc2769a1b78a27578f13a17b -> 
  custom:container-demuxer-webm: 4f35f7cbe854078d1ac9338744f61a02 -> 
  custom:container-demuxer-ogg: 62fdf1f143b41e24485cea50d1cbac27 -> 
  custom:video-encoder-webm-vp8: eb34c28f22e8b96e1ab97ce403110664 -> 
  custom:video-decoder-webm-vp8: 9c59270c3fd7afecdb556c50c9e8de78 -> 
  custom:audio-decoder-ogg-vorbis: bf7c407c2cedff20999df2af8eb42d56 -> 
  custom:audio-encoder-webm-vorbis: bf7c407c2cedff20999df2af8eb42d56 -> 
========================================================================
Received Import Request.
  Time since last request: 20.095155 seconds.
  path: Assets/_Root/Code/Car/CarController.cs
  artifactKey: Guid(1ab6b09d7d4980b478370f05a1394798) Importer(815301076,1909f56bfc062723c751e8b465ee728b)
Start importing Assets/_Root/Code/Car/CarController.cs using Guid(1ab6b09d7d4980b478370f05a1394798) Importer(815301076,1909f56bfc062723c751e8b465ee728b)  -> (artifact id: '87acf74c75aeb86c0c8cba2cddd2bd5f') in 0.084417 seconds 
  Import took 0.096827 seconds .

========================================================================
Received Prepare
Registering precompiled user dll's ...
Registered in 0.072496 seconds.
Begin MonoManager ReloadAssembly
Native extension for WindowsStandalone target not found
Native extension for WebGL target not found
Refreshing native plugins compatible for Editor in 0.98 ms, found 3 plugins.
Preloading 0 native plugins for Editor in 0.00 ms.
Mono: successfully reloaded assembly
- Completed reload, in  3.777 seconds
Domain Reload Profiling:
	ReloadAssembly (3778ms)
		BeginReloadAssembly (323ms)
			ExecutionOrderSort (0ms)
			DisableScriptedObjects (18ms)
			BackupInstance (0ms)
			ReleaseScriptingObjects (0ms)
			CreateAndSetChildDomain (114ms)
		EndReloadAssembly (3245ms)
			LoadAssemblies (309ms)
			RebuildTransferFunctionScriptingTraits (0ms)
			SetupTypeCache (817ms)
			ReleaseScriptCaches (2ms)
			RebuildScriptCaches (151ms)
			SetupLoadedEditorAssemblies (1523ms)
				LogAssemblyErrors (0ms)
				InitializePlatformSupportModulesInManaged (79ms)
				SetLoadedEditorAssemblies (3ms)
				RefreshPlugins (1ms)
				BeforeProcessingInitializeOnLoad (466ms)
				ProcessInitializeOnLoadAttributes (943ms)
				ProcessInitializeOnLoadMethodAttributes (25ms)
				AfterProcessingInitializeOnLoad (6ms)
				EditorAssembliesLoaded (0ms)
			ExecutionOrderSort2 (0ms)
			AwakeInstancesAfterBackupRestoration (19ms)
Platform modules already initialized, skipping
Refreshing native plugins compatible for Editor in 1.34 ms, found 3 plugins.
Preloading 0 native plugins for Editor in 0.00 ms.
Unloading 2177 Unused Serialized files (Serialized files now loaded: 0)
System memory in use before: 95.1 MB.
System memory in use after: 95.2 MB.

Unloading 17 unused Assets to reduce memory usage. Loaded Objects now: 2641.
Total: 12.136300 ms (FindLiveObjects: 0.508300 ms CreateObjectMapping: 0.324200 ms MarkObjects: 11.241200 ms  DeleteObjects: 0.059300 ms)

AssetImportParameters requested are different than current active one (requested -> active):
  custom:framework-win-MediaFoundation: 216162199b28c13a410421893ffa2e32 -> 
  custom:video-decoder-ogg-theora: a1e56fd34408186e4bbccfd4996cb3dc -> 
  custom:container-muxer-webm: aa71ff27fc2769a1b78a27578f13a17b -> 
  custom:container-demuxer-webm: 4f35f7cbe854078d1ac9338744f61a02 -> 
  custom:container-demuxer-ogg: 62fdf1f143b41e24485cea50d1cbac27 -> 
  custom:video-encoder-webm-vp8: eb34c28f22e8b96e1ab97ce403110664 -> 
  custom:video-decoder-webm-vp8: 9c59270c3fd7afecdb556c50c9e8de78 -> 
  custom:audio-decoder-ogg-vorbis: bf7c407c2cedff20999df2af8eb42d56 -> 
  custom:audio-encoder-webm-vorbis: bf7c407c2cedff20999df2af8eb42d56 -> 
========================================================================
Received Prepare
Registering precompiled user dll's ...
Registered in 0.015608 seconds.
Begin MonoManager ReloadAssembly
Native extension for WindowsStandalone target not found
Native extension for WebGL target not found
Refreshing native plugins compatible for Editor in 0.58 ms, found 3 plugins.
Preloading 0 native plugins for Editor in 0.00 ms.
Mono: successfully reloaded assembly
- Completed reload, in  1.536 seconds
Domain Reload Profiling:
	ReloadAssembly (1536ms)
		BeginReloadAssembly (161ms)
			ExecutionOrderSort (0ms)
			DisableScriptedObjects (10ms)
			BackupInstance (0ms)
			ReleaseScriptingObjects (0ms)
			CreateAndSetChildDomain (51ms)
		EndReloadAssembly (1296ms)
			LoadAssemblies (122ms)
			RebuildTransferFunctionScriptingTraits (0ms)
			SetupTypeCache (401ms)
			ReleaseScriptCaches (1ms)
			RebuildScriptCaches (78ms)
			SetupLoadedEditorAssemblies (503ms)
				LogAssemblyErrors (0ms)
				InitializePlatformSupportModulesInManaged (10ms)
				SetLoadedEditorAssemblies (1ms)
				RefreshPlugins (1ms)
				BeforeProcessingInitializeOnLoad (122ms)
				ProcessInitializeOnLoadAttributes (347ms)
				ProcessInitializeOnLoadMethodAttributes (16ms)
				AfterProcessingInitializeOnLoad (4ms)
				EditorAssembliesLoaded (1ms)
			ExecutionOrderSort2 (0ms)
			AwakeInstancesAfterBackupRestoration (40ms)
Platform modules already initialized, skipping
Refreshing native plugins compatible for Editor in 0.58 ms, found 3 plugins.
Preloading 0 native plugins for Editor in 0.00 ms.
Unloading 2177 Unused Serialized files (Serialized files now loaded: 0)
System memory in use before: 95.1 MB.
System memory in use after: 95.2 MB.

Unloading 17 unused Assets to reduce memory usage. Loaded Objects now: 2643.
Total: 4.806300 ms (FindLiveObjects: 0.256600 ms CreateObjectMapping: 0.211800 ms MarkObjects: 4.300200 ms  DeleteObjects: 0.035900 ms)

AssetImportParameters requested are different than current active one (requested -> active):
  custom:framework-win-MediaFoundation: 216162199b28c13a410421893ffa2e32 -> 
  custom:video-decoder-ogg-theora: a1e56fd34408186e4bbccfd4996cb3dc -> 
  custom:container-muxer-webm: aa71ff27fc2769a1b78a27578f13a17b -> 
  custom:container-demuxer-webm: 4f35f7cbe854078d1ac9338744f61a02 -> 
  custom:container-demuxer-ogg: 62fdf1f143b41e24485cea50d1cbac27 -> 
  custom:video-encoder-webm-vp8: eb34c28f22e8b96e1ab97ce403110664 -> 
  custom:video-decoder-webm-vp8: 9c59270c3fd7afecdb556c50c9e8de78 -> 
  custom:audio-decoder-ogg-vorbis: bf7c407c2cedff20999df2af8eb42d56 -> 
  custom:audio-encoder-webm-vorbis: bf7c407c2cedff20999df2af8eb42d56 -> 
========================================================================
Received Prepare
Registering precompiled user dll's ...
Registered in 0.004879 seconds.
Begin MonoManager ReloadAssembly
Native extension for WindowsStandalone target not found
Native extension for WebGL target not found
Refreshing native plugins compatible for Editor in 3.86 ms, found 3 plugins.
Preloading 0 native plugins for Editor in 0.00 ms.
Mono: successfully reloaded assembly
- Completed reload, in  1.742 seconds
Domain Reload Profiling:
	ReloadAssembly (1743ms)
		BeginReloadAssembly (227ms)
			ExecutionOrderSort (0ms)
			DisableScriptedObjects (14ms)
			BackupInstance (0ms)
			ReleaseScriptingObjects (0ms)
			CreateAndSetChildDomain (57ms)
		EndReloadAssembly (1405ms)
			LoadAssemblies (200ms)
			RebuildTransferFunctionScriptingTraits (0ms)
			SetupTypeCache (460ms)
			ReleaseScriptCaches (1ms)
			RebuildScriptCaches (86ms)
			SetupLoadedEditorAssemblies (543ms)
				LogAssemblyErrors (0ms)
				InitializePlatformSupportModulesInManaged (12ms)
				SetLoadedEditorAssemblies (2ms)
				RefreshPlugins (4ms)
				BeforeProcessingInitializeOnLoad (140ms)
				ProcessInitializeOnLoadAttributes (362ms)
				ProcessInitializeOnLoadMethodAttributes (19ms)
				AfterProcessingInitializeOnLoad (4ms)
				EditorAssembliesLoaded (0ms)
			ExecutionOrderSort2 (0ms)
			AwakeInstancesAfterBackupRestoration (16ms)
Platform modules already initialized, skipping
Refreshing native plugins compatible for Editor in 0.63 ms, found 3 plugins.
Preloading 0 native plugins for Editor in 0.00 ms.
Unloading 2177 Unused Serialized files (Serialized files now loaded: 0)
System memory in use before: 95.1 MB.
System memory in use after: 95.2 MB.

Unloading 17 unused Assets to reduce memory usage. Loaded Objects now: 2645.
Total: 4.415800 ms (FindLiveObjects: 0.288400 ms CreateObjectMapping: 0.177700 ms MarkObjects: 3.907200 ms  DeleteObjects: 0.040900 ms)

AssetImportParameters requested are different than current active one (requested -> active):
  custom:framework-win-MediaFoundation: 216162199b28c13a410421893ffa2e32 -> 
  custom:video-decoder-ogg-theora: a1e56fd34408186e4bbccfd4996cb3dc -> 
  custom:container-muxer-webm: aa71ff27fc2769a1b78a27578f13a17b -> 
  custom:container-demuxer-webm: 4f35f7cbe854078d1ac9338744f61a02 -> 
  custom:container-demuxer-ogg: 62fdf1f143b41e24485cea50d1cbac27 -> 
  custom:video-encoder-webm-vp8: eb34c28f22e8b96e1ab97ce403110664 -> 
  custom:video-decoder-webm-vp8: 9c59270c3fd7afecdb556c50c9e8de78 -> 
  custom:audio-decoder-ogg-vorbis: bf7c407c2cedff20999df2af8eb42d56 -> 
  custom:audio-encoder-webm-vorbis: bf7c407c2cedff20999df2af8eb42d56 -> 
========================================================================
Received Prepare
Registering precompiled user dll's ...
Registered in 0.009823 seconds.
Begin MonoManager ReloadAssembly
Native extension for WindowsStandalone target not found
Native extension for WebGL target not found
Refreshing native plugins compatible for Editor in 0.71 ms, found 3 plugins.
Preloading 0 native plugins for Editor in 0.00 ms.
Mono: successfully reloaded assembly
- Completed reload, in  1.877 seconds
Domain Reload Profiling:
	ReloadAssembly (1878ms)
		BeginReloadAssembly (245ms)
			ExecutionOrderSort (0ms)
			DisableScriptedObjects (12ms)
			BackupInstance (0ms)
			ReleaseScriptingObjects (0ms)
			CreateAndSetChildDomain (57ms)
		EndReloadAssembly (1532ms)
			LoadAssemblies (275ms)
			RebuildTransferFunctionScriptingTraits (0ms)
			SetupTypeCache (478ms)
			ReleaseScriptCaches (1ms)
			RebuildScriptCaches (97ms)
			SetupLoadedEditorAssemblies (561ms)
				LogAssemblyErrors (0ms)
				InitializePlatformSupportModulesInManaged (11ms)
				SetLoadedEditorAssemblies (3ms)
				RefreshPlugins (1ms)
				BeforeProcessingInitializeOnLoad (145ms)
				ProcessInitializeOnLoadAttributes (378ms)
				ProcessInitializeOnLoadMethodAttributes (19ms)
				AfterProcessingInitializeOnLoad (4ms)
				EditorAssembliesLoaded (0ms)
			ExecutionOrderSort2 (0ms)
			AwakeInstancesAfterBackupRestoration (16ms)
Platform modules already initialized, skipping
Refreshing native plugins compatible for Editor in 0.72 ms, found 3 plugins.
Preloading 0 native plugins for Editor in 0.00 ms.
Unloading 2177 Unused Serialized files (Serialized files now loaded: 0)
System memory in use before: 95.1 MB.
System memory in use after: 95.2 MB.

Unloading 17 unused Assets to reduce memory usage. Loaded Objects now: 2647.
Total: 5.133300 ms (FindLiveObjects: 0.739700 ms CreateObjectMapping: 0.318100 ms MarkObjects: 4.043200 ms  DeleteObjects: 0.030500 ms)

AssetImportParameters requested are different than current active one (requested -> active):
  custom:framework-win-MediaFoundation: 216162199b28c13a410421893ffa2e32 -> 
  custom:video-decoder-ogg-theora: a1e56fd34408186e4bbccfd4996cb3dc -> 
  custom:container-muxer-webm: aa71ff27fc2769a1b78a27578f13a17b -> 
  custom:container-demuxer-webm: 4f35f7cbe854078d1ac9338744f61a02 -> 
  custom:container-demuxer-ogg: 62fdf1f143b41e24485cea50d1cbac27 -> 
  custom:video-encoder-webm-vp8: eb34c28f22e8b96e1ab97ce403110664 -> 
  custom:video-decoder-webm-vp8: 9c59270c3fd7afecdb556c50c9e8de78 -> 
  custom:audio-decoder-ogg-vorbis: bf7c407c2cedff20999df2af8eb42d56 -> 
  custom:audio-encoder-webm-vorbis: bf7c407c2cedff20999df2af8eb42d56 -> 
========================================================================
Received Prepare
Registering precompiled user dll's ...
Registered in 0.188746 seconds.
Begin MonoManager ReloadAssembly
Native extension for WindowsStandalone target not found
Native extension for WebGL target not found
Refreshing native plugins compatible for Editor in 0.66 ms, found 3 plugins.
Preloading 0 native plugins for Editor in 0.00 ms.
Mono: successfully reloaded assembly
- Completed reload, in  1.730 seconds
Domain Reload Profiling:
	ReloadAssembly (1731ms)
		BeginReloadAssembly (190ms)
			ExecutionOrderSort (0ms)
			DisableScriptedObjects (11ms)
			BackupInstance (0ms)
			ReleaseScriptingObjects (0ms)
			CreateAndSetChildDomain (54ms)
		EndReloadAssembly (1443ms)
			LoadAssemblies (148ms)
			RebuildTransferFunctionScriptingTraits (0ms)
			SetupTypeCache (464ms)
			ReleaseScriptCaches (2ms)
			RebuildScriptCaches (94ms)
			SetupLoadedEditorAssemblies (570ms)
				LogAssemblyErrors (0ms)
				InitializePlatformSupportModulesInManaged (11ms)
				SetLoadedEditorAssemblies (2ms)
				RefreshPlugins (1ms)
				BeforeProcessingInitializeOnLoad (148ms)
				ProcessInitializeOnLoadAttributes (384ms)
				ProcessInitializeOnLoadMethodAttributes (20ms)
				AfterProcessingInitializeOnLoad (4ms)
				EditorAssembliesLoaded (0ms)
			ExecutionOrderSort2 (0ms)
			AwakeInstancesAfterBackupRestoration (17ms)
Platform modules already initialized, skipping
Refreshing native plugins compatible for Editor in 1.21 ms, found 3 plugins.
Preloading 0 native plugins for Editor in 0.00 ms.
Unloading 2177 Unused Serialized files (Serialized files now loaded: 0)
System memory in use before: 95.1 MB.
System memory in use after: 95.2 MB.

Unloading 17 unused Assets to reduce memory usage. Loaded Objects now: 2649.
Total: 7.971200 ms (FindLiveObjects: 0.392600 ms CreateObjectMapping: 0.268300 ms MarkObjects: 7.263600 ms  DeleteObjects: 0.043900 ms)

AssetImportParameters requested are different than current active one (requested -> active):
  custom:framework-win-MediaFoundation: 216162199b28c13a410421893ffa2e32 -> 
  custom:video-decoder-ogg-theora: a1e56fd34408186e4bbccfd4996cb3dc -> 
  custom:container-muxer-webm: aa71ff27fc2769a1b78a27578f13a17b -> 
  custom:container-demuxer-webm: 4f35f7cbe854078d1ac9338744f61a02 -> 
  custom:container-demuxer-ogg: 62fdf1f143b41e24485cea50d1cbac27 -> 
  custom:video-encoder-webm-vp8: eb34c28f22e8b96e1ab97ce403110664 -> 
  custom:video-decoder-webm-vp8: 9c59270c3fd7afecdb556c50c9e8de78 -> 
  custom:audio-decoder-ogg-vorbis: bf7c407c2cedff20999df2af8eb42d56 -> 
  custom:audio-encoder-webm-vorbis: bf7c407c2cedff20999df2af8eb42d56 -> 
========================================================================
Received Import Request.
  Time since last request: 3227.484854 seconds.
  path: Assets/_Root/Code/MainController.cs
  artifactKey: Guid(677a1c6b763f64f4cbab7f1fe1075e92) Importer(815301076,1909f56bfc062723c751e8b465ee728b)
Start importing Assets/_Root/Code/MainController.cs using Guid(677a1c6b763f64f4cbab7f1fe1075e92) Importer(815301076,1909f56bfc062723c751e8b465ee728b)  -> (artifact id: '071fc95c6d608118604e3b7bd1ad16fe') in 0.033420 seconds 
  Import took 0.083917 seconds .

========================================================================
Received Prepare
Registering precompiled user dll's ...
Registered in 0.007564 seconds.
Begin MonoManager ReloadAssembly
Native extension for WindowsStandalone target not found
Native extension for WebGL target not found
Refreshing native plugins compatible for Editor in 0.71 ms, found 3 plugins.
Preloading 0 native plugins for Editor in 0.00 ms.
Mono: successfully reloaded assembly
- Completed reload, in  2.067 seconds
Domain Reload Profiling:
	ReloadAssembly (2068ms)
		BeginReloadAssembly (248ms)
			ExecutionOrderSort (0ms)
			DisableScriptedObjects (14ms)
			BackupInstance (0ms)
			ReleaseScriptingObjects (0ms)
			CreateAndSetChildDomain (95ms)
		EndReloadAssembly (1714ms)
			LoadAssemblies (167ms)
			RebuildTransferFunctionScriptingTraits (0ms)
			SetupTypeCache (600ms)
			ReleaseScriptCaches (1ms)
			RebuildScriptCaches (103ms)
			SetupLoadedEditorAssemblies (649ms)
				LogAssemblyErrors (0ms)
				InitializePlatformSupportModulesInManaged (12ms)
				SetLoadedEditorAssemblies (2ms)
				RefreshPlugins (1ms)
				BeforeProcessingInitializeOnLoad (176ms)
				ProcessInitializeOnLoadAttributes (432ms)
				ProcessInitializeOnLoadMethodAttributes (22ms)
				AfterProcessingInitializeOnLoad (5ms)
				EditorAssembliesLoaded (0ms)
			ExecutionOrderSort2 (0ms)
			AwakeInstancesAfterBackupRestoration (19ms)
Platform modules already initialized, skipping
Refreshing native plugins compatible for Editor in 0.73 ms, found 3 plugins.
Preloading 0 native plugins for Editor in 0.00 ms.
Unloading 2178 Unused Serialized files (Serialized files now loaded: 0)
System memory in use before: 95.1 MB.
System memory in use after: 95.2 MB.

Unloading 17 unused Assets to reduce memory usage. Loaded Objects now: 2652.
Total: 5.460400 ms (FindLiveObjects: 0.398000 ms CreateObjectMapping: 0.165600 ms MarkObjects: 4.857900 ms  DeleteObjects: 0.036700 ms)

AssetImportParameters requested are different than current active one (requested -> active):
  custom:framework-win-MediaFoundation: 216162199b28c13a410421893ffa2e32 -> 
  custom:video-decoder-ogg-theora: a1e56fd34408186e4bbccfd4996cb3dc -> 
  custom:container-muxer-webm: aa71ff27fc2769a1b78a27578f13a17b -> 
  custom:container-demuxer-webm: 4f35f7cbe854078d1ac9338744f61a02 -> 
  custom:container-demuxer-ogg: 62fdf1f143b41e24485cea50d1cbac27 -> 
  custom:video-encoder-webm-vp8: eb34c28f22e8b96e1ab97ce403110664 -> 
  custom:video-decoder-webm-vp8: 9c59270c3fd7afecdb556c50c9e8de78 -> 
  custom:audio-decoder-ogg-vorbis: bf7c407c2cedff20999df2af8eb42d56 -> 
  custom:audio-encoder-webm-vorbis: bf7c407c2cedff20999df2af8eb42d56 -> 
========================================================================
Received Import Request.
  Time since last request: 68.317485 seconds.
  path: Assets/_Root/Code/BaseController.cs
  artifactKey: Guid(975c073bfd3cb6342a2fdfe29ceee629) Importer(815301076,1909f56bfc062723c751e8b465ee728b)
Start importing Assets/_Root/Code/BaseController.cs using Guid(975c073bfd3cb6342a2fdfe29ceee629) Importer(815301076,1909f56bfc062723c751e8b465ee728b)  -> (artifact id: '323a1b10cdf95892a47c2ad817642bdf') in 0.029425 seconds 
  Import took 0.088561 seconds .

========================================================================
Received Prepare
Registering precompiled user dll's ...
Registered in 0.009861 seconds.
Begin MonoManager ReloadAssembly
Native extension for WindowsStandalone target not found
Native extension for WebGL target not found
Refreshing native plugins compatible for Editor in 0.83 ms, found 3 plugins.
Preloading 0 native plugins for Editor in 0.00 ms.
Mono: successfully reloaded assembly
- Completed reload, in  2.711 seconds
Domain Reload Profiling:
	ReloadAssembly (2712ms)
		BeginReloadAssembly (240ms)
			ExecutionOrderSort (0ms)
			DisableScriptedObjects (19ms)
			BackupInstance (0ms)
			ReleaseScriptingObjects (0ms)
			CreateAndSetChildDomain (78ms)
		EndReloadAssembly (2347ms)
			LoadAssemblies (311ms)
			RebuildTransferFunctionScriptingTraits (0ms)
			SetupTypeCache (767ms)
			ReleaseScriptCaches (1ms)
			RebuildScriptCaches (259ms)
			SetupLoadedEditorAssemblies (788ms)
				LogAssemblyErrors (0ms)
				InitializePlatformSupportModulesInManaged (14ms)
				SetLoadedEditorAssemblies (1ms)
				RefreshPlugins (1ms)
				BeforeProcessingInitializeOnLoad (228ms)
				ProcessInitializeOnLoadAttributes (502ms)
				ProcessInitializeOnLoadMethodAttributes (35ms)
				AfterProcessingInitializeOnLoad (8ms)
				EditorAssembliesLoaded (1ms)
			ExecutionOrderSort2 (0ms)
			AwakeInstancesAfterBackupRestoration (31ms)
Platform modules already initialized, skipping
Refreshing native plugins compatible for Editor in 0.80 ms, found 3 plugins.
Preloading 0 native plugins for Editor in 0.00 ms.
Unloading 2179 Unused Serialized files (Serialized files now loaded: 0)
System memory in use before: 95.1 MB.
System memory in use after: 95.3 MB.

Unloading 17 unused Assets to reduce memory usage. Loaded Objects now: 2655.
Total: 6.071100 ms (FindLiveObjects: 0.289500 ms CreateObjectMapping: 0.172300 ms MarkObjects: 5.567800 ms  DeleteObjects: 0.039200 ms)

AssetImportParameters requested are different than current active one (requested -> active):
  custom:framework-win-MediaFoundation: 216162199b28c13a410421893ffa2e32 -> 
  custom:video-decoder-ogg-theora: a1e56fd34408186e4bbccfd4996cb3dc -> 
  custom:container-muxer-webm: aa71ff27fc2769a1b78a27578f13a17b -> 
  custom:container-demuxer-webm: 4f35f7cbe854078d1ac9338744f61a02 -> 
  custom:container-demuxer-ogg: 62fdf1f143b41e24485cea50d1cbac27 -> 
  custom:video-encoder-webm-vp8: eb34c28f22e8b96e1ab97ce403110664 -> 
  custom:video-decoder-webm-vp8: 9c59270c3fd7afecdb556c50c9e8de78 -> 
  custom:audio-decoder-ogg-vorbis: bf7c407c2cedff20999df2af8eb42d56 -> 
  custom:audio-encoder-webm-vorbis: bf7c407c2cedff20999df2af8eb42d56 -> 
========================================================================
Received Import Request.
  Time since last request: 869.687727 seconds.
  path: Assets/_Root/Code/BaseController.cs
  artifactKey: Guid(975c073bfd3cb6342a2fdfe29ceee629) Importer(815301076,1909f56bfc062723c751e8b465ee728b)
Start importing Assets/_Root/Code/BaseController.cs using Guid(975c073bfd3cb6342a2fdfe29ceee629) Importer(815301076,1909f56bfc062723c751e8b465ee728b)  -> (artifact id: '615ea2533fe1c7d32f705cafd9394c7c') in 0.372781 seconds 
  Import took 0.506475 seconds .

========================================================================
Received Import Request.
  Time since last request: 343.948625 seconds.
  path: Assets/_Root/Code/GameObject.cs
  artifactKey: Guid(975c073bfd3cb6342a2fdfe29ceee629) Importer(815301076,1909f56bfc062723c751e8b465ee728b)
Start importing Assets/_Root/Code/GameObject.cs using Guid(975c073bfd3cb6342a2fdfe29ceee629) Importer(815301076,1909f56bfc062723c751e8b465ee728b)  -> (artifact id: '0651c9e36a8868ba63f47fe2b87664f5') in 0.012566 seconds 
  Import took 0.038166 seconds .

========================================================================
Received Prepare
Registering precompiled user dll's ...
Registered in 0.008824 seconds.
Begin MonoManager ReloadAssembly
Native extension for WindowsStandalone target not found
Native extension for WebGL target not found
Refreshing native plugins compatible for Editor in 0.73 ms, found 3 plugins.
Preloading 0 native plugins for Editor in 0.00 ms.
Mono: successfully reloaded assembly
- Completed reload, in  2.929 seconds
Domain Reload Profiling:
	ReloadAssembly (2930ms)
		BeginReloadAssembly (647ms)
			ExecutionOrderSort (0ms)
			DisableScriptedObjects (18ms)
			BackupInstance (0ms)
			ReleaseScriptingObjects (0ms)
			CreateAndSetChildDomain (373ms)
		EndReloadAssembly (2176ms)
			LoadAssemblies (296ms)
			RebuildTransferFunctionScriptingTraits (0ms)
			SetupTypeCache (655ms)
			ReleaseScriptCaches (4ms)
			RebuildScriptCaches (160ms)
			SetupLoadedEditorAssemblies (807ms)
				LogAssemblyErrors (0ms)
				InitializePlatformSupportModulesInManaged (13ms)
				SetLoadedEditorAssemblies (2ms)
				RefreshPlugins (1ms)
				BeforeProcessingInitializeOnLoad (158ms)
				ProcessInitializeOnLoadAttributes (598ms)
				ProcessInitializeOnLoadMethodAttributes (27ms)
				AfterProcessingInitializeOnLoad (9ms)
				EditorAssembliesLoaded (1ms)
			ExecutionOrderSort2 (0ms)
			AwakeInstancesAfterBackupRestoration (26ms)
Platform modules already initialized, skipping
Refreshing native plugins compatible for Editor in 0.69 ms, found 3 plugins.
Preloading 0 native plugins for Editor in 0.00 ms.
Unloading 2179 Unused Serialized files (Serialized files now loaded: 0)
System memory in use before: 95.1 MB.
System memory in use after: 95.3 MB.

Unloading 17 unused Assets to reduce memory usage. Loaded Objects now: 2657.
Total: 4.555700 ms (FindLiveObjects: 0.237300 ms CreateObjectMapping: 0.109600 ms MarkObjects: 4.178100 ms  DeleteObjects: 0.028800 ms)

AssetImportParameters requested are different than current active one (requested -> active):
  custom:framework-win-MediaFoundation: 216162199b28c13a410421893ffa2e32 -> 
  custom:video-decoder-ogg-theora: a1e56fd34408186e4bbccfd4996cb3dc -> 
  custom:container-muxer-webm: aa71ff27fc2769a1b78a27578f13a17b -> 
  custom:container-demuxer-webm: 4f35f7cbe854078d1ac9338744f61a02 -> 
  custom:container-demuxer-ogg: 62fdf1f143b41e24485cea50d1cbac27 -> 
  custom:video-encoder-webm-vp8: eb34c28f22e8b96e1ab97ce403110664 -> 
  custom:video-decoder-webm-vp8: 9c59270c3fd7afecdb556c50c9e8de78 -> 
  custom:audio-decoder-ogg-vorbis: bf7c407c2cedff20999df2af8eb42d56 -> 
  custom:audio-encoder-webm-vorbis: bf7c407c2cedff20999df2af8eb42d56 -> 
========================================================================
Received Prepare
Registering precompiled user dll's ...
Registered in 0.182653 seconds.
Begin MonoManager ReloadAssembly
Native extension for WindowsStandalone target not found
Native extension for WebGL target not found
Refreshing native plugins compatible for Editor in 0.74 ms, found 3 plugins.
Preloading 0 native plugins for Editor in 0.00 ms.
Mono: successfully reloaded assembly
- Completed reload, in  3.803 seconds
Domain Reload Profiling:
	ReloadAssembly (3804ms)
		BeginReloadAssembly (294ms)
			ExecutionOrderSort (0ms)
			DisableScriptedObjects (15ms)
			BackupInstance (0ms)
			ReleaseScriptingObjects (0ms)
			CreateAndSetChildDomain (59ms)
		EndReloadAssembly (3380ms)
			LoadAssemblies (301ms)
			RebuildTransferFunctionScriptingTraits (0ms)
			SetupTypeCache (720ms)
			ReleaseScriptCaches (2ms)
			RebuildScriptCaches (115ms)
			SetupLoadedEditorAssemblies (1818ms)
				LogAssemblyErrors (0ms)
				InitializePlatformSupportModulesInManaged (39ms)
				SetLoadedEditorAssemblies (1ms)
				RefreshPlugins (1ms)
				BeforeProcessingInitializeOnLoad (507ms)
				ProcessInitializeOnLoadAttributes (1234ms)
				ProcessInitializeOnLoadMethodAttributes (30ms)
				AfterProcessingInitializeOnLoad (6ms)
				EditorAssembliesLoaded (0ms)
			ExecutionOrderSort2 (0ms)
			AwakeInstancesAfterBackupRestoration (40ms)
Platform modules already initialized, skipping
Refreshing native plugins compatible for Editor in 31.29 ms, found 3 plugins.
Preloading 0 native plugins for Editor in 0.00 ms.
Unloading 2179 Unused Serialized files (Serialized files now loaded: 0)
System memory in use before: 95.1 MB.
System memory in use after: 95.3 MB.

Unloading 18 unused Assets to reduce memory usage. Loaded Objects now: 2659.
Total: 29.743100 ms (FindLiveObjects: 0.398200 ms CreateObjectMapping: 0.297000 ms MarkObjects: 28.942000 ms  DeleteObjects: 0.103000 ms)

AssetImportParameters requested are different than current active one (requested -> active):
  custom:framework-win-MediaFoundation: 216162199b28c13a410421893ffa2e32 -> 
  custom:video-decoder-ogg-theora: a1e56fd34408186e4bbccfd4996cb3dc -> 
  custom:container-muxer-webm: aa71ff27fc2769a1b78a27578f13a17b -> 
  custom:container-demuxer-webm: 4f35f7cbe854078d1ac9338744f61a02 -> 
  custom:container-demuxer-ogg: 62fdf1f143b41e24485cea50d1cbac27 -> 
  custom:video-encoder-webm-vp8: eb34c28f22e8b96e1ab97ce403110664 -> 
  custom:video-decoder-webm-vp8: 9c59270c3fd7afecdb556c50c9e8de78 -> 
  custom:audio-decoder-ogg-vorbis: bf7c407c2cedff20999df2af8eb42d56 -> 
  custom:audio-encoder-webm-vorbis: bf7c407c2cedff20999df2af8eb42d56 -> 
========================================================================
Received Prepare
Registering precompiled user dll's ...
Registered in 0.009642 seconds.
Begin MonoManager ReloadAssembly
Native extension for WindowsStandalone target not found
Native extension for WebGL target not found
Refreshing native plugins compatible for Editor in 1.72 ms, found 3 plugins.
Preloading 0 native plugins for Editor in 0.00 ms.
Mono: successfully reloaded assembly
- Completed reload, in  2.524 seconds
Domain Reload Profiling:
	ReloadAssembly (2525ms)
		BeginReloadAssembly (216ms)
			ExecutionOrderSort (0ms)
			DisableScriptedObjects (17ms)
			BackupInstance (0ms)
			ReleaseScriptingObjects (0ms)
			CreateAndSetChildDomain (67ms)
		EndReloadAssembly (2194ms)
			LoadAssemblies (200ms)
			RebuildTransferFunctionScriptingTraits (0ms)
			SetupTypeCache (764ms)
			ReleaseScriptCaches (2ms)
			RebuildScriptCaches (130ms)
			SetupLoadedEditorAssemblies (766ms)
				LogAssemblyErrors (0ms)
				InitializePlatformSupportModulesInManaged (35ms)
				SetLoadedEditorAssemblies (1ms)
				RefreshPlugins (2ms)
				BeforeProcessingInitializeOnLoad (176ms)
				ProcessInitializeOnLoadAttributes (504ms)
				ProcessInitializeOnLoadMethodAttributes (33ms)
				AfterProcessingInitializeOnLoad (13ms)
				EditorAssembliesLoaded (1ms)
			ExecutionOrderSort2 (0ms)
			AwakeInstancesAfterBackupRestoration (34ms)
Platform modules already initialized, skipping
Refreshing native plugins compatible for Editor in 0.73 ms, found 3 plugins.
Preloading 0 native plugins for Editor in 0.00 ms.
Unloading 2179 Unused Serialized files (Serialized files now loaded: 0)
System memory in use before: 95.1 MB.
System memory in use after: 95.3 MB.

Unloading 17 unused Assets to reduce memory usage. Loaded Objects now: 2661.
Total: 4.900400 ms (FindLiveObjects: 0.296400 ms CreateObjectMapping: 0.191400 ms MarkObjects: 4.385400 ms  DeleteObjects: 0.025600 ms)

AssetImportParameters requested are different than current active one (requested -> active):
  custom:framework-win-MediaFoundation: 216162199b28c13a410421893ffa2e32 -> 
  custom:video-decoder-ogg-theora: a1e56fd34408186e4bbccfd4996cb3dc -> 
  custom:container-muxer-webm: aa71ff27fc2769a1b78a27578f13a17b -> 
  custom:container-demuxer-webm: 4f35f7cbe854078d1ac9338744f61a02 -> 
  custom:container-demuxer-ogg: 62fdf1f143b41e24485cea50d1cbac27 -> 
  custom:video-encoder-webm-vp8: eb34c28f22e8b96e1ab97ce403110664 -> 
  custom:video-decoder-webm-vp8: 9c59270c3fd7afecdb556c50c9e8de78 -> 
  custom:audio-decoder-ogg-vorbis: bf7c407c2cedff20999df2af8eb42d56 -> 
  custom:audio-encoder-webm-vorbis: bf7c407c2cedff20999df2af8eb42d56 -> 
========================================================================
Received Import Request.
  Time since last request: 1064.725084 seconds.
  path: Assets/_Root/Code/Tool
  artifactKey: Guid(17f3e0902fbaffa48beb4e52088a4923) Importer(815301076,1909f56bfc062723c751e8b465ee728b)
Start importing Assets/_Root/Code/Tool using Guid(17f3e0902fbaffa48beb4e52088a4923) Importer(815301076,1909f56bfc062723c751e8b465ee728b)  -> (artifact id: 'a5927ec9bf24f0777917878b34076c0f') in 0.020723 seconds 
  Import took 0.027313 seconds .

========================================================================
Received Import Request.
  Time since last request: 21.626762 seconds.
  path: Assets/_Root/Code/Tool/SubscriptionProperty.cs
  artifactKey: Guid(70596529b90eb5e47901bf31e4734c1f) Importer(815301076,1909f56bfc062723c751e8b465ee728b)
Start importing Assets/_Root/Code/Tool/SubscriptionProperty.cs using Guid(70596529b90eb5e47901bf31e4734c1f) Importer(815301076,1909f56bfc062723c751e8b465ee728b)  -> (artifact id: 'a8b7c93276646b8ab5b20c0a843c0c70') in 0.021313 seconds 
  Import took 0.033334 seconds .

========================================================================
Received Import Request.
  Time since last request: 2142.055396 seconds.
  path: Assets/_Root/Code/Tool/SubscriptionProperty.cs
  artifactKey: Guid(70596529b90eb5e47901bf31e4734c1f) Importer(815301076,1909f56bfc062723c751e8b465ee728b)
Start importing Assets/_Root/Code/Tool/SubscriptionProperty.cs using Guid(70596529b90eb5e47901bf31e4734c1f) Importer(815301076,1909f56bfc062723c751e8b465ee728b)  -> (artifact id: '0ef2c60d474e29efa94d35ab7ebe73ff') in 0.013600 seconds 
  Import took 0.023012 seconds .

========================================================================
Received Import Request.
  Time since last request: 148.903839 seconds.
  path: Assets/_Root/Code/Tool/SubscriptionProperty.cs
  artifactKey: Guid(70596529b90eb5e47901bf31e4734c1f) Importer(815301076,1909f56bfc062723c751e8b465ee728b)
Start importing Assets/_Root/Code/Tool/SubscriptionProperty.cs using Guid(70596529b90eb5e47901bf31e4734c1f) Importer(815301076,1909f56bfc062723c751e8b465ee728b)  -> (artifact id: 'f4ad237ffc4b215ce4ad6741672647cd') in 0.007394 seconds 
  Import took 0.012889 seconds .

========================================================================
Received Import Request.
  Time since last request: 13.318145 seconds.
  path: Assets/_Root/Code/Tool/SubscriptionProperty.cs
  artifactKey: Guid(70596529b90eb5e47901bf31e4734c1f) Importer(815301076,1909f56bfc062723c751e8b465ee728b)
Start importing Assets/_Root/Code/Tool/SubscriptionProperty.cs using Guid(70596529b90eb5e47901bf31e4734c1f) Importer(815301076,1909f56bfc062723c751e8b465ee728b)  -> (artifact id: '3ad11bbf94acf1f1d9d34ec949cd13db') in 0.011144 seconds 
  Import took 0.029254 seconds .

========================================================================
Received Import Request.
  Time since last request: 442.802707 seconds.
  path: Assets/_Root/Code/UI
  artifactKey: Guid(c8cebe48b1a46c74da59b2e51dc2d400) Importer(815301076,1909f56bfc062723c751e8b465ee728b)
Start importing Assets/_Root/Code/UI using Guid(c8cebe48b1a46c74da59b2e51dc2d400) Importer(815301076,1909f56bfc062723c751e8b465ee728b)  -> (artifact id: '424e12ae11aff17bfe9c8d9879b3294f') in 0.019747 seconds 
  Import took 0.028314 seconds .

========================================================================
Received Import Request.
  Time since last request: 13.934620 seconds.
  path: Assets/_Root/Code/UI/MainMenuController.cs
  artifactKey: Guid(1bea5f6da570fe94299a6fd7efee1b9f) Importer(815301076,1909f56bfc062723c751e8b465ee728b)
Start importing Assets/_Root/Code/UI/MainMenuController.cs using Guid(1bea5f6da570fe94299a6fd7efee1b9f) Importer(815301076,1909f56bfc062723c751e8b465ee728b)  -> (artifact id: '7fabe62b175d6695edeac387a8133e57') in 0.073724 seconds 
  Import took 0.104308 seconds .

========================================================================
Received Import Request.
  Time since last request: 481.872797 seconds.
  path: Assets/_Root/Code/UI/MainMenuController.cs
  artifactKey: Guid(1bea5f6da570fe94299a6fd7efee1b9f) Importer(815301076,1909f56bfc062723c751e8b465ee728b)
Start importing Assets/_Root/Code/UI/MainMenuController.cs using Guid(1bea5f6da570fe94299a6fd7efee1b9f) Importer(815301076,1909f56bfc062723c751e8b465ee728b)  -> (artifact id: 'b0abf7810d5656a709329bb944162225') in 0.014994 seconds 
  Import took 0.021404 seconds .

========================================================================
Received Import Request.
  Time since last request: 563.411523 seconds.
  path: Assets/_Root/Code/UI/MainMenuView.cs
  artifactKey: Guid(e1ab1601f2890a140a6334df230948dc) Importer(815301076,1909f56bfc062723c751e8b465ee728b)
Start importing Assets/_Root/Code/UI/MainMenuView.cs using Guid(e1ab1601f2890a140a6334df230948dc) Importer(815301076,1909f56bfc062723c751e8b465ee728b)  -> (artifact id: 'd157fd3256c6ed244bfbca95c8eb4374') in 0.015970 seconds 
  Import took 0.021838 seconds .

========================================================================
Received Import Request.
  Time since last request: 63.450505 seconds.
  path: Assets/_Root/Code/UI/MainMenuView.cs
  artifactKey: Guid(e1ab1601f2890a140a6334df230948dc) Importer(815301076,1909f56bfc062723c751e8b465ee728b)
Start importing Assets/_Root/Code/UI/MainMenuView.cs using Guid(e1ab1601f2890a140a6334df230948dc) Importer(815301076,1909f56bfc062723c751e8b465ee728b)  -> (artifact id: '733aa764bf0d751c3137133f001324a5') in 0.008084 seconds 
  Import took 0.080676 seconds .

========================================================================
Received Import Request.
  Time since last request: 65.737703 seconds.
  path: Assets/_Root/Code/UI/MainMenuView.cs
  artifactKey: Guid(e1ab1601f2890a140a6334df230948dc) Importer(815301076,1909f56bfc062723c751e8b465ee728b)
Start importing Assets/_Root/Code/UI/MainMenuView.cs using Guid(e1ab1601f2890a140a6334df230948dc) Importer(815301076,1909f56bfc062723c751e8b465ee728b)  -> (artifact id: '9844224e5234c9ba483c2f1de1464648') in 0.010502 seconds 
  Import took 0.016807 seconds .

========================================================================
Received Import Request.
  Time since last request: 109.051289 seconds.
  path: Assets/_Root/Code/UI/MainMenuView.cs
  artifactKey: Guid(e1ab1601f2890a140a6334df230948dc) Importer(815301076,1909f56bfc062723c751e8b465ee728b)
Start importing Assets/_Root/Code/UI/MainMenuView.cs using Guid(e1ab1601f2890a140a6334df230948dc) Importer(815301076,1909f56bfc062723c751e8b465ee728b)  -> (artifact id: '78c2dd9709abeb4661eadcdcb65370c9') in 0.016451 seconds 
  Import took 0.031669 seconds .

========================================================================
Received Import Request.
  Time since last request: 116.809617 seconds.
  path: Assets/_Root/Code/Tool/ResourcesLoader.cs
  artifactKey: Guid(eab030cf5de722f468c694f3aada9d4d) Importer(815301076,1909f56bfc062723c751e8b465ee728b)
Start importing Assets/_Root/Code/Tool/ResourcesLoader.cs using Guid(eab030cf5de722f468c694f3aada9d4d) Importer(815301076,1909f56bfc062723c751e8b465ee728b)  -> (artifact id: '40158c4d5fe134d7b04684872407ddab') in 0.015981 seconds 
  Import took 0.027733 seconds .

========================================================================
Received Import Request.
  Time since last request: 57.255954 seconds.
  path: Assets/_Root/Code/Tool/ResourcesLoader.cs
  artifactKey: Guid(eab030cf5de722f468c694f3aada9d4d) Importer(815301076,1909f56bfc062723c751e8b465ee728b)
Start importing Assets/_Root/Code/Tool/ResourcesLoader.cs using Guid(eab030cf5de722f468c694f3aada9d4d) Importer(815301076,1909f56bfc062723c751e8b465ee728b)  -> (artifact id: '0dc927ef9dfe9a901115116be4c5584c') in 0.013789 seconds 
  Import took 0.024817 seconds .

========================================================================
Received Import Request.
  Time since last request: 164.153801 seconds.
  path: Assets/_Root/Code/Tool/ResourcesLoader.cs
  artifactKey: Guid(eab030cf5de722f468c694f3aada9d4d) Importer(815301076,1909f56bfc062723c751e8b465ee728b)
Start importing Assets/_Root/Code/Tool/ResourcesLoader.cs using Guid(eab030cf5de722f468c694f3aada9d4d) Importer(815301076,1909f56bfc062723c751e8b465ee728b)  -> (artifact id: '7ee357882499b43e527a70b0c495b88c') in 0.083033 seconds 
  Import took 0.312920 seconds .

========================================================================
Received Import Request.
  Time since last request: 45.407087 seconds.
  path: Assets/_Root/Code/Tool/ResourcePath.cs
  artifactKey: Guid(a446a80938d07e342ae7383bd5ad47b6) Importer(815301076,1909f56bfc062723c751e8b465ee728b)
Start importing Assets/_Root/Code/Tool/ResourcePath.cs using Guid(a446a80938d07e342ae7383bd5ad47b6) Importer(815301076,1909f56bfc062723c751e8b465ee728b)  -> (artifact id: '196760473ffda4fadb505a1cfef6376a') in 0.019480 seconds 
  Import took 0.038737 seconds .

========================================================================
Received Import Request.
  Time since last request: 31.907799 seconds.
  path: Assets/_Root/Code/Tool/ResourcesPath.cs
  artifactKey: Guid(a446a80938d07e342ae7383bd5ad47b6) Importer(815301076,1909f56bfc062723c751e8b465ee728b)
Start importing Assets/_Root/Code/Tool/ResourcesPath.cs using Guid(a446a80938d07e342ae7383bd5ad47b6) Importer(815301076,1909f56bfc062723c751e8b465ee728b)  -> (artifact id: '9b74056e8c2c92750d48486aeeff7599') in 0.012327 seconds 
  Import took 0.017496 seconds .

========================================================================
Received Import Request.
  Time since last request: 55.837523 seconds.
  path: Assets/_Root/Code/Tool/ResourcesPath.cs
  artifactKey: Guid(a446a80938d07e342ae7383bd5ad47b6) Importer(815301076,1909f56bfc062723c751e8b465ee728b)
Start importing Assets/_Root/Code/Tool/ResourcesPath.cs using Guid(a446a80938d07e342ae7383bd5ad47b6) Importer(815301076,1909f56bfc062723c751e8b465ee728b)  -> (artifact id: '5ca7fe20f740d4c0fe86daa822e5d833') in 0.007102 seconds 
  Import took 0.051298 seconds .

========================================================================
Received Import Request.
  Time since last request: 66.305111 seconds.
  path: Assets/_Root/Code/Tool/ResourcesPath.cs
  artifactKey: Guid(a446a80938d07e342ae7383bd5ad47b6) Importer(815301076,1909f56bfc062723c751e8b465ee728b)
Start importing Assets/_Root/Code/Tool/ResourcesPath.cs using Guid(a446a80938d07e342ae7383bd5ad47b6) Importer(815301076,1909f56bfc062723c751e8b465ee728b)  -> (artifact id: '04f76cbb13bce200280fa5c2a9601792') in 0.012802 seconds 
  Import took 0.044338 seconds .

========================================================================
Received Import Request.
  Time since last request: 157.349853 seconds.
  path: Assets/_Root/Code/Game
  artifactKey: Guid(ac1e98ea6d48f744eb747ddcf87d6cc6) Importer(815301076,1909f56bfc062723c751e8b465ee728b)
Start importing Assets/_Root/Code/Game using Guid(ac1e98ea6d48f744eb747ddcf87d6cc6) Importer(815301076,1909f56bfc062723c751e8b465ee728b)  -> (artifact id: '6531517811619124ece7530af2e64ecb') in 0.016674 seconds 
  Import took 0.043939 seconds .

========================================================================
Received Import Request.
  Time since last request: 16.567563 seconds.
  path: Assets/_Root/Code/Game/GameController.cs
  artifactKey: Guid(1405a83c4e68b7d48a9f5f33e2c4fc08) Importer(815301076,1909f56bfc062723c751e8b465ee728b)
Start importing Assets/_Root/Code/Game/GameController.cs using Guid(1405a83c4e68b7d48a9f5f33e2c4fc08) Importer(815301076,1909f56bfc062723c751e8b465ee728b)  -> (artifact id: 'a642914f11293e9e7738ce717f62bd54') in 0.019288 seconds 
  Import took 0.037619 seconds .

========================================================================
Received Import Request.
  Time since last request: 458.179531 seconds.
  path: Assets/_Root/Code/Game/GameController.cs
  artifactKey: Guid(1405a83c4e68b7d48a9f5f33e2c4fc08) Importer(815301076,1909f56bfc062723c751e8b465ee728b)
Start importing Assets/_Root/Code/Game/GameController.cs using Guid(1405a83c4e68b7d48a9f5f33e2c4fc08) Importer(815301076,1909f56bfc062723c751e8b465ee728b)  -> (artifact id: '6e5f75598cbe2a126638fb9ff9659352') in 0.022050 seconds 
  Import took 0.092833 seconds .

========================================================================
Received Import Request.
  Time since last request: 341.543417 seconds.
  path: Assets/_Root/Code/Game/GameController.cs
  artifactKey: Guid(1405a83c4e68b7d48a9f5f33e2c4fc08) Importer(815301076,1909f56bfc062723c751e8b465ee728b)
Start importing Assets/_Root/Code/Game/GameController.cs using Guid(1405a83c4e68b7d48a9f5f33e2c4fc08) Importer(815301076,1909f56bfc062723c751e8b465ee728b)  -> (artifact id: 'fba9a4467f9c773d5c9d2291dd212a12') in 0.012712 seconds 
  Import took 0.062713 seconds .

========================================================================
Received Import Request.
  Time since last request: 148.289674 seconds.
  path: Assets/_Root/Code/Game/GameController.cs
  artifactKey: Guid(1405a83c4e68b7d48a9f5f33e2c4fc08) Importer(815301076,1909f56bfc062723c751e8b465ee728b)
Start importing Assets/_Root/Code/Game/GameController.cs using Guid(1405a83c4e68b7d48a9f5f33e2c4fc08) Importer(815301076,1909f56bfc062723c751e8b465ee728b)  -> (artifact id: '94ef55cb3a5ad195250d9fe389f85d9f') in 0.006177 seconds 
  Import took 0.014196 seconds .

========================================================================
Received Import Request.
  Time since last request: 447.216923 seconds.
  path: Assets/_Root/Code/Game/TapeBackground
  artifactKey: Guid(3742f805df315d2498c4559a0c2f2bf5) Importer(815301076,1909f56bfc062723c751e8b465ee728b)
Start importing Assets/_Root/Code/Game/TapeBackground using Guid(3742f805df315d2498c4559a0c2f2bf5) Importer(815301076,1909f56bfc062723c751e8b465ee728b)  -> (artifact id: 'db7b1bd1005170e20365db9b9232450a') in 0.025562 seconds 
  Import took 0.032572 seconds .

========================================================================
Received Import Request.
  Time since last request: 9.966562 seconds.
  path: Assets/_Root/Code/Game/TapeBackground/New Folder
  artifactKey: Guid(11f06035ffb31b84aa1eb8cd12e0dc7b) Importer(815301076,1909f56bfc062723c751e8b465ee728b)
Start importing Assets/_Root/Code/Game/TapeBackground/New Folder using Guid(11f06035ffb31b84aa1eb8cd12e0dc7b) Importer(815301076,1909f56bfc062723c751e8b465ee728b)  -> (artifact id: '9d89b5919da47525302e0218d10643d4') in 0.015023 seconds 
  Import took 0.019524 seconds .

========================================================================
Received Import Request.
  Time since last request: 16.637540 seconds.
  path: Assets/_Root/Code/Game/TapeBackground/TapeBackgroundController.cs
  artifactKey: Guid(54a40b4b52969a046b0121beb2f07b17) Importer(815301076,1909f56bfc062723c751e8b465ee728b)
Start importing Assets/_Root/Code/Game/TapeBackground/TapeBackgroundController.cs using Guid(54a40b4b52969a046b0121beb2f07b17) Importer(815301076,1909f56bfc062723c751e8b465ee728b)  -> (artifact id: '7e709d4802ee9362999f7213f8f7b79b') in 0.041093 seconds 
  Import took 0.050110 seconds .

========================================================================
Received Import Request.
  Time since last request: 1513.281367 seconds.
  path: Assets/_Root/Code/Game/InputGame
  artifactKey: Guid(3edd7edc70378c14a870fa356b5ca245) Importer(815301076,1909f56bfc062723c751e8b465ee728b)
Start importing Assets/_Root/Code/Game/InputGame using Guid(3edd7edc70378c14a870fa356b5ca245) Importer(815301076,1909f56bfc062723c751e8b465ee728b)  -> (artifact id: '753fdef052ec2a3e9b2d6e5ad36da028') in 0.029860 seconds 
  Import took 0.040264 seconds .

========================================================================
Received Import Request.
  Time since last request: 14.312163 seconds.
  path: Assets/_Root/Code/Game/InputGame/InputGameController.cs
  artifactKey: Guid(147e59f88e3fb32498f2f59405f0f298) Importer(815301076,1909f56bfc062723c751e8b465ee728b)
Start importing Assets/_Root/Code/Game/InputGame/InputGameController.cs using Guid(147e59f88e3fb32498f2f59405f0f298) Importer(815301076,1909f56bfc062723c751e8b465ee728b)  -> (artifact id: 'd0dc302ff718aa20b6c74f6f324741d4') in 0.027915 seconds 
  Import took 0.038561 seconds .

========================================================================
Received Import Request.
  Time since last request: 0.000373 seconds.
  path: Assets/_Root/Code/Game/InputGame/InputGameController.cs
  artifactKey: Guid(147e59f88e3fb32498f2f59405f0f298) Importer(815301076,1909f56bfc062723c751e8b465ee728b)
Start importing Assets/_Root/Code/Game/InputGame/InputGameController.cs using Guid(147e59f88e3fb32498f2f59405f0f298) Importer(815301076,1909f56bfc062723c751e8b465ee728b)  -> (artifact id: 'd0dc302ff718aa20b6c74f6f324741d4') in 0.035037 seconds 
  Import took 0.160608 seconds .

========================================================================
Received Import Request.
  Time since last request: 126.561990 seconds.
  path: Assets/_Root/Code/Game/InputGame/BaseInputView.cs
  artifactKey: Guid(45008682f52f91944bf4186e2bee8e52) Importer(815301076,1909f56bfc062723c751e8b465ee728b)
Start importing Assets/_Root/Code/Game/InputGame/BaseInputView.cs using Guid(45008682f52f91944bf4186e2bee8e52) Importer(815301076,1909f56bfc062723c751e8b465ee728b)  -> (artifact id: 'cfe752543e3a4f8a0a33cca79c93531c') in 0.138749 seconds 
  Import took 0.165425 seconds .

========================================================================
Received Import Request.
  Time since last request: 73.864549 seconds.
  path: Assets/_Root/Code/Game/InputGame/BaseInputView.cs
  artifactKey: Guid(45008682f52f91944bf4186e2bee8e52) Importer(815301076,1909f56bfc062723c751e8b465ee728b)
Start importing Assets/_Root/Code/Game/InputGame/BaseInputView.cs using Guid(45008682f52f91944bf4186e2bee8e52) Importer(815301076,1909f56bfc062723c751e8b465ee728b)  -> (artifact id: '992ecbd33fc6e3b0bf82d49afd5fb04a') in 0.013073 seconds 
  Import took 0.021197 seconds .

========================================================================
Received Prepare
Registering precompiled user dll's ...
Registered in 0.036677 seconds.
Begin MonoManager ReloadAssembly
Native extension for WindowsStandalone target not found
Native extension for WebGL target not found
Refreshing native plugins compatible for Editor in 0.84 ms, found 3 plugins.
Preloading 0 native plugins for Editor in 0.00 ms.
Mono: successfully reloaded assembly
- Completed reload, in  3.944 seconds
Domain Reload Profiling:
	ReloadAssembly (3952ms)
		BeginReloadAssembly (1035ms)
			ExecutionOrderSort (0ms)
			DisableScriptedObjects (135ms)
			BackupInstance (0ms)
			ReleaseScriptingObjects (1ms)
			CreateAndSetChildDomain (602ms)
		EndReloadAssembly (2779ms)
			LoadAssemblies (268ms)
			RebuildTransferFunctionScriptingTraits (0ms)
			SetupTypeCache (905ms)
			ReleaseScriptCaches (4ms)
			RebuildScriptCaches (132ms)
			SetupLoadedEditorAssemblies (1001ms)
				LogAssemblyErrors (0ms)
				InitializePlatformSupportModulesInManaged (52ms)
				SetLoadedEditorAssemblies (2ms)
				RefreshPlugins (1ms)
				BeforeProcessingInitializeOnLoad (173ms)
				ProcessInitializeOnLoadAttributes (673ms)
				ProcessInitializeOnLoadMethodAttributes (84ms)
				AfterProcessingInitializeOnLoad (15ms)
				EditorAssembliesLoaded (1ms)
			ExecutionOrderSort2 (0ms)
			AwakeInstancesAfterBackupRestoration (116ms)
Platform modules already initialized, skipping
Refreshing native plugins compatible for Editor in 0.70 ms, found 3 plugins.
Preloading 0 native plugins for Editor in 0.00 ms.
Unloading 2191 Unused Serialized files (Serialized files now loaded: 0)
System memory in use before: 95.4 MB.
System memory in use after: 95.5 MB.

Unloading 17 unused Assets to reduce memory usage. Loaded Objects now: 2675.
Total: 5.807600 ms (FindLiveObjects: 0.246900 ms CreateObjectMapping: 0.120000 ms MarkObjects: 5.371400 ms  DeleteObjects: 0.067100 ms)

AssetImportParameters requested are different than current active one (requested -> active):
  custom:framework-win-MediaFoundation: 216162199b28c13a410421893ffa2e32 -> 
  custom:video-decoder-ogg-theora: a1e56fd34408186e4bbccfd4996cb3dc -> 
  custom:container-muxer-webm: aa71ff27fc2769a1b78a27578f13a17b -> 
  custom:container-demuxer-webm: 4f35f7cbe854078d1ac9338744f61a02 -> 
  custom:container-demuxer-ogg: 62fdf1f143b41e24485cea50d1cbac27 -> 
  custom:video-encoder-webm-vp8: eb34c28f22e8b96e1ab97ce403110664 -> 
  custom:video-decoder-webm-vp8: 9c59270c3fd7afecdb556c50c9e8de78 -> 
  custom:audio-decoder-ogg-vorbis: bf7c407c2cedff20999df2af8eb42d56 -> 
  custom:audio-encoder-webm-vorbis: bf7c407c2cedff20999df2af8eb42d56 -> 
AssetImportWorkerClient::OnTransportError - code=2 error=End of file
